{"@timestamp":"2025-07-17T00:35:08.3702347+09:00","logger_name":"com.example.loginlog.LoginlogApplication","thread_name":"restartedMain","level":"INFO","message":"Starting LoginlogApplication using Java 21.0.7 with PID 18372 (C:\\logProject\\loginlog\\target\\classes started by kangs in C:\\logProject\\loginlog)"}
{"@timestamp":"2025-07-17T00:35:08.3872411+09:00","logger_name":"com.example.loginlog.LoginlogApplication","thread_name":"restartedMain","level":"INFO","message":"No active profile set, falling back to 1 default profile: \"default\""}
{"@timestamp":"2025-07-17T00:35:08.5016528+09:00","logger_name":"org.springframework.boot.devtools.env.DevToolsPropertyDefaultsPostProcessor","thread_name":"restartedMain","level":"INFO","message":"Devtools property defaults active! Set 'spring.devtools.add-properties' to 'false' to disable"}
{"@timestamp":"2025-07-17T00:35:08.5026586+09:00","logger_name":"org.springframework.boot.devtools.env.DevToolsPropertyDefaultsPostProcessor","thread_name":"restartedMain","level":"INFO","message":"For additional web related logging consider setting the 'logging.level.web' property to 'DEBUG'"}
{"@timestamp":"2025-07-17T00:35:11.0670972+09:00","logger_name":"org.springframework.boot.web.embedded.tomcat.TomcatWebServer","thread_name":"restartedMain","level":"INFO","message":"Tomcat initialized with port 8080 (http)"}
{"@timestamp":"2025-07-17T00:35:11.1000158+09:00","logger_name":"org.apache.coyote.http11.Http11NioProtocol","thread_name":"restartedMain","level":"INFO","message":"Initializing ProtocolHandler [\"http-nio-8080\"]"}
{"@timestamp":"2025-07-17T00:35:11.1060114+09:00","logger_name":"org.apache.catalina.core.StandardService","thread_name":"restartedMain","level":"INFO","message":"Starting service [Tomcat]"}
{"@timestamp":"2025-07-17T00:35:11.1070089+09:00","logger_name":"org.apache.catalina.core.StandardEngine","thread_name":"restartedMain","level":"INFO","message":"Starting Servlet engine: [Apache Tomcat/10.1.42]"}
{"@timestamp":"2025-07-17T00:35:11.2186072+09:00","logger_name":"org.apache.catalina.core.ContainerBase.[Tomcat].[localhost].[/]","thread_name":"restartedMain","level":"INFO","message":"Initializing Spring embedded WebApplicationContext"}
{"@timestamp":"2025-07-17T00:35:11.2206066+09:00","logger_name":"org.springframework.boot.web.servlet.context.ServletWebServerApplicationContext","thread_name":"restartedMain","level":"INFO","message":"Root WebApplicationContext: initialization completed in 2716 ms"}
{"@timestamp":"2025-07-17T00:35:12.17887+09:00","logger_name":"org.springframework.boot.devtools.autoconfigure.OptionalLiveReloadServer","thread_name":"restartedMain","level":"INFO","message":"LiveReload server is running on port 35729"}
{"@timestamp":"2025-07-17T00:35:12.2049337+09:00","logger_name":"org.apache.coyote.http11.Http11NioProtocol","thread_name":"restartedMain","level":"INFO","message":"Starting ProtocolHandler [\"http-nio-8080\"]"}
{"@timestamp":"2025-07-17T00:35:12.2779993+09:00","logger_name":"org.springframework.boot.web.embedded.tomcat.TomcatWebServer","thread_name":"restartedMain","level":"INFO","message":"Tomcat started on port 8080 (http) with context path '/'"}
{"@timestamp":"2025-07-17T00:35:12.3109963+09:00","logger_name":"com.example.loginlog.LoginlogApplication","thread_name":"restartedMain","level":"INFO","message":"Started LoginlogApplication in 6.271 seconds (process running for 8.331)"}
{"@timestamp":"2025-07-17T00:38:08.1918001+09:00","logger_name":"org.apache.catalina.core.ContainerBase.[Tomcat].[localhost].[/]","thread_name":"http-nio-8080-exec-1","level":"INFO","message":"Initializing Spring DispatcherServlet 'dispatcherServlet'"}
{"@timestamp":"2025-07-17T00:38:08.1927995+09:00","logger_name":"org.springframework.web.servlet.DispatcherServlet","thread_name":"http-nio-8080-exec-1","level":"INFO","message":"Initializing Servlet 'dispatcherServlet'"}
{"@timestamp":"2025-07-17T00:38:08.1938+09:00","logger_name":"org.springframework.web.servlet.DispatcherServlet","thread_name":"http-nio-8080-exec-1","level":"INFO","message":"Completed initialization in 1 ms"}
{"@timestamp":"2025-07-17T00:38:08.3077858+09:00","logger_name":"com.example.loginlog.controller.LoginController","thread_name":"http-nio-8080-exec-1","level":"WARN","message":"LOGIN_FAILED - userId=user123, ip=192.168.0.11, reason=INVALID_CREDENTIALS, userAgent=PostmanRuntime/7.32.0"}
{"@timestamp":"2025-07-17T00:41:37.6901743+09:00","logger_name":"org.springframework.boot.devtools.autoconfigure.LocalDevToolsAutoConfiguration$RestartingClassPathChangeChangedEventListener","thread_name":"File Watcher","level":"INFO","message":"Restarting due to 1 class path change (0 additions, 0 deletions, 1 modification)"}
{"@timestamp":"2025-07-17T00:41:37.7206904+09:00","logger_name":"org.springframework.boot.web.embedded.tomcat.GracefulShutdown","thread_name":"Thread-5","level":"INFO","message":"Commencing graceful shutdown. Waiting for active requests to complete"}
{"@timestamp":"2025-07-17T00:41:37.7277802+09:00","logger_name":"org.apache.coyote.http11.Http11NioProtocol","thread_name":"tomcat-shutdown","level":"INFO","message":"Pausing ProtocolHandler [\"http-nio-8080\"]"}
{"@timestamp":"2025-07-17T00:41:37.7546704+09:00","logger_name":"org.springframework.boot.web.embedded.tomcat.GracefulShutdown","thread_name":"tomcat-shutdown","level":"INFO","message":"Graceful shutdown complete"}
{"@timestamp":"2025-07-17T00:41:37.7556723+09:00","logger_name":"org.apache.coyote.http11.Http11NioProtocol","thread_name":"Thread-5","level":"INFO","message":"Stopping ProtocolHandler [\"http-nio-8080\"]"}
{"@timestamp":"2025-07-17T00:41:38.0009367+09:00","logger_name":"com.example.loginlog.LoginlogApplication","thread_name":"restartedMain","level":"INFO","message":"Starting LoginlogApplication using Java 21.0.7 with PID 18372 (C:\\logProject\\loginlog\\target\\classes started by kangs in C:\\logProject\\loginlog)"}
{"@timestamp":"2025-07-17T00:41:38.0019453+09:00","logger_name":"com.example.loginlog.LoginlogApplication","thread_name":"restartedMain","level":"INFO","message":"No active profile set, falling back to 1 default profile: \"default\""}
{"@timestamp":"2025-07-17T00:41:38.5376557+09:00","logger_name":"org.springframework.boot.web.embedded.tomcat.TomcatWebServer","thread_name":"restartedMain","level":"INFO","message":"Tomcat initialized with port 8080 (http)"}
{"@timestamp":"2025-07-17T00:41:38.5426491+09:00","logger_name":"org.apache.coyote.http11.Http11NioProtocol","thread_name":"restartedMain","level":"INFO","message":"Initializing ProtocolHandler [\"http-nio-8080\"]"}
{"@timestamp":"2025-07-17T00:41:38.5446555+09:00","logger_name":"org.apache.catalina.core.StandardService","thread_name":"restartedMain","level":"INFO","message":"Starting service [Tomcat]"}
{"@timestamp":"2025-07-17T00:41:38.5446555+09:00","logger_name":"org.apache.catalina.core.StandardEngine","thread_name":"restartedMain","level":"INFO","message":"Starting Servlet engine: [Apache Tomcat/10.1.42]"}
{"@timestamp":"2025-07-17T00:41:38.6043848+09:00","logger_name":"org.apache.catalina.core.ContainerBase.[Tomcat].[localhost].[/]","thread_name":"restartedMain","level":"INFO","message":"Initializing Spring embedded WebApplicationContext"}
{"@timestamp":"2025-07-17T00:41:38.6043848+09:00","logger_name":"org.springframework.boot.web.servlet.context.ServletWebServerApplicationContext","thread_name":"restartedMain","level":"INFO","message":"Root WebApplicationContext: initialization completed in 595 ms"}
{"@timestamp":"2025-07-17T00:41:38.8214135+09:00","logger_name":"org.springframework.boot.devtools.autoconfigure.OptionalLiveReloadServer","thread_name":"restartedMain","level":"INFO","message":"LiveReload server is running on port 35729"}
{"@timestamp":"2025-07-17T00:41:38.8369178+09:00","logger_name":"org.apache.coyote.http11.Http11NioProtocol","thread_name":"restartedMain","level":"INFO","message":"Starting ProtocolHandler [\"http-nio-8080\"]"}
{"@timestamp":"2025-07-17T00:41:38.8534912+09:00","logger_name":"org.springframework.boot.web.embedded.tomcat.TomcatWebServer","thread_name":"restartedMain","level":"INFO","message":"Tomcat started on port 8080 (http) with context path '/'"}
{"@timestamp":"2025-07-17T00:41:38.8614911+09:00","logger_name":"com.example.loginlog.LoginlogApplication","thread_name":"restartedMain","level":"INFO","message":"Started LoginlogApplication in 0.977 seconds (process running for 394.882)"}
{"@timestamp":"2025-07-17T00:41:38.8709465+09:00","logger_name":"org.springframework.boot.devtools.autoconfigure.ConditionEvaluationDeltaLoggingListener","thread_name":"restartedMain","level":"INFO","message":"Condition evaluation unchanged"}
{"@timestamp":"2025-07-17T00:44:01.4070183+09:00","logger_name":"org.springframework.boot.devtools.autoconfigure.LocalDevToolsAutoConfiguration$RestartingClassPathChangeChangedEventListener","thread_name":"File Watcher","level":"INFO","message":"Restarting due to 1 class path change (0 additions, 0 deletions, 1 modification)"}
{"@timestamp":"2025-07-17T00:44:01.409016+09:00","logger_name":"org.springframework.boot.web.embedded.tomcat.GracefulShutdown","thread_name":"Thread-7","level":"INFO","message":"Commencing graceful shutdown. Waiting for active requests to complete"}
{"@timestamp":"2025-07-17T00:44:01.4100218+09:00","logger_name":"org.apache.coyote.http11.Http11NioProtocol","thread_name":"tomcat-shutdown","level":"INFO","message":"Pausing ProtocolHandler [\"http-nio-8080\"]"}
{"@timestamp":"2025-07-17T00:44:01.4140153+09:00","logger_name":"org.springframework.boot.web.embedded.tomcat.GracefulShutdown","thread_name":"tomcat-shutdown","level":"INFO","message":"Graceful shutdown complete"}
{"@timestamp":"2025-07-17T00:44:01.4150168+09:00","logger_name":"org.apache.coyote.http11.Http11NioProtocol","thread_name":"Thread-7","level":"INFO","message":"Stopping ProtocolHandler [\"http-nio-8080\"]"}
{"@timestamp":"2025-07-17T00:44:01.5177919+09:00","logger_name":"com.example.loginlog.LoginlogApplication","thread_name":"restartedMain","level":"INFO","message":"Starting LoginlogApplication using Java 21.0.7 with PID 18372 (C:\\logProject\\loginlog\\target\\classes started by kangs in C:\\logProject\\loginlog)"}
{"@timestamp":"2025-07-17T00:44:01.5177919+09:00","logger_name":"com.example.loginlog.LoginlogApplication","thread_name":"restartedMain","level":"INFO","message":"No active profile set, falling back to 1 default profile: \"default\""}
{"@timestamp":"2025-07-17T00:44:01.8318532+09:00","logger_name":"org.springframework.boot.web.embedded.tomcat.TomcatWebServer","thread_name":"restartedMain","level":"INFO","message":"Tomcat initialized with port 8080 (http)"}
{"@timestamp":"2025-07-17T00:44:01.8328536+09:00","logger_name":"org.apache.coyote.http11.Http11NioProtocol","thread_name":"restartedMain","level":"INFO","message":"Initializing ProtocolHandler [\"http-nio-8080\"]"}
{"@timestamp":"2025-07-17T00:44:01.8338526+09:00","logger_name":"org.apache.catalina.core.StandardService","thread_name":"restartedMain","level":"INFO","message":"Starting service [Tomcat]"}
{"@timestamp":"2025-07-17T00:44:01.8338526+09:00","logger_name":"org.apache.catalina.core.StandardEngine","thread_name":"restartedMain","level":"INFO","message":"Starting Servlet engine: [Apache Tomcat/10.1.42]"}
{"@timestamp":"2025-07-17T00:44:01.865547+09:00","logger_name":"org.apache.catalina.core.ContainerBase.[Tomcat].[localhost].[/]","thread_name":"restartedMain","level":"INFO","message":"Initializing Spring embedded WebApplicationContext"}
{"@timestamp":"2025-07-17T00:44:01.865547+09:00","logger_name":"org.springframework.boot.web.servlet.context.ServletWebServerApplicationContext","thread_name":"restartedMain","level":"INFO","message":"Root WebApplicationContext: initialization completed in 344 ms"}
{"@timestamp":"2025-07-17T00:44:01.9685061+09:00","logger_name":"org.springframework.boot.devtools.autoconfigure.OptionalLiveReloadServer","thread_name":"restartedMain","level":"INFO","message":"LiveReload server is running on port 35729"}
{"@timestamp":"2025-07-17T00:44:01.971507+09:00","logger_name":"org.apache.coyote.http11.Http11NioProtocol","thread_name":"restartedMain","level":"INFO","message":"Starting ProtocolHandler [\"http-nio-8080\"]"}
{"@timestamp":"2025-07-17T00:44:01.9807751+09:00","logger_name":"org.springframework.boot.web.embedded.tomcat.TomcatWebServer","thread_name":"restartedMain","level":"INFO","message":"Tomcat started on port 8080 (http) with context path '/'"}
{"@timestamp":"2025-07-17T00:44:01.9827882+09:00","logger_name":"com.example.loginlog.LoginlogApplication","thread_name":"restartedMain","level":"INFO","message":"Started LoginlogApplication in 0.511 seconds (process running for 538.003)"}
{"@timestamp":"2025-07-17T00:44:01.9847839+09:00","logger_name":"org.springframework.boot.devtools.autoconfigure.ConditionEvaluationDeltaLoggingListener","thread_name":"restartedMain","level":"INFO","message":"Condition evaluation unchanged"}
{"@timestamp":"2025-07-17T00:44:05.0288699+09:00","logger_name":"org.apache.catalina.core.ContainerBase.[Tomcat].[localhost].[/]","thread_name":"http-nio-8080-exec-2","level":"INFO","message":"Initializing Spring DispatcherServlet 'dispatcherServlet'"}
{"@timestamp":"2025-07-17T00:44:05.0288699+09:00","logger_name":"org.springframework.web.servlet.DispatcherServlet","thread_name":"http-nio-8080-exec-2","level":"INFO","message":"Initializing Servlet 'dispatcherServlet'"}
{"@timestamp":"2025-07-17T00:44:05.0298709+09:00","logger_name":"org.springframework.web.servlet.DispatcherServlet","thread_name":"http-nio-8080-exec-2","level":"INFO","message":"Completed initialization in 0 ms"}
{"@timestamp":"2025-07-17T00:44:05.0338993+09:00","logger_name":"com.example.loginlog.controller.LoginController","thread_name":"http-nio-8080-exec-2","level":"INFO","message":"LOGIN_SUCCESS - userId=user123, ip=192.168.0.11, userAgent=PostmanRuntime/7.32.0"}
{"@timestamp":"2025-07-17T01:13:55.2898934+09:00","logger_name":"com.example.loginlog.controller.LoginController","thread_name":"http-nio-8080-exec-4","level":"WARN","message":"LOGIN_FAILED - userId=null, ip=null, reason=INVALID_CREDENTIALS, userAgent=null"}
{"@timestamp":"2025-07-17T01:13:55.3261457+09:00","logger_name":"com.example.loginlog.controller.LoginController","thread_name":"http-nio-8080-exec-5","level":"WARN","message":"LOGIN_FAILED - userId=null, ip=null, reason=INVALID_CREDENTIALS, userAgent=null"}
{"@timestamp":"2025-07-17T01:13:55.3331491+09:00","logger_name":"com.example.loginlog.controller.LoginController","thread_name":"http-nio-8080-exec-6","level":"WARN","message":"LOGIN_FAILED - userId=null, ip=null, reason=INVALID_CREDENTIALS, userAgent=null"}
{"@timestamp":"2025-07-17T01:13:55.3413253+09:00","logger_name":"com.example.loginlog.controller.LoginController","thread_name":"http-nio-8080-exec-7","level":"WARN","message":"LOGIN_FAILED - userId=null, ip=null, reason=INVALID_CREDENTIALS, userAgent=null"}
{"@timestamp":"2025-07-17T01:13:55.3463402+09:00","logger_name":"com.example.loginlog.controller.LoginController","thread_name":"http-nio-8080-exec-8","level":"WARN","message":"LOGIN_FAILED - userId=null, ip=null, reason=INVALID_CREDENTIALS, userAgent=null"}
{"@timestamp":"2025-07-17T01:13:55.610477+09:00","logger_name":"com.example.loginlog.controller.LoginController","thread_name":"http-nio-8080-exec-10","level":"WARN","message":"LOGIN_FAILED - userId=null, ip=null, reason=INVALID_CREDENTIALS, userAgent=null"}
{"@timestamp":"2025-07-17T01:13:55.6180819+09:00","logger_name":"com.example.loginlog.controller.LoginController","thread_name":"http-nio-8080-exec-1","level":"WARN","message":"LOGIN_FAILED - userId=null, ip=null, reason=INVALID_CREDENTIALS, userAgent=null"}
{"@timestamp":"2025-07-17T01:13:55.6240772+09:00","logger_name":"com.example.loginlog.controller.LoginController","thread_name":"http-nio-8080-exec-2","level":"WARN","message":"LOGIN_FAILED - userId=null, ip=null, reason=INVALID_CREDENTIALS, userAgent=null"}
{"@timestamp":"2025-07-17T01:13:55.6281112+09:00","logger_name":"com.example.loginlog.controller.LoginController","thread_name":"http-nio-8080-exec-3","level":"WARN","message":"LOGIN_FAILED - userId=null, ip=null, reason=INVALID_CREDENTIALS, userAgent=null"}
{"@timestamp":"2025-07-17T01:13:55.6330807+09:00","logger_name":"com.example.loginlog.controller.LoginController","thread_name":"http-nio-8080-exec-4","level":"WARN","message":"LOGIN_FAILED - userId=null, ip=null, reason=INVALID_CREDENTIALS, userAgent=null"}
{"@timestamp":"2025-07-17T01:13:56.1041336+09:00","logger_name":"com.example.loginlog.controller.LoginController","thread_name":"http-nio-8080-exec-6","level":"WARN","message":"LOGIN_FAILED - userId=null, ip=null, reason=INVALID_CREDENTIALS, userAgent=null"}
{"@timestamp":"2025-07-17T01:13:56.1081325+09:00","logger_name":"com.example.loginlog.controller.LoginController","thread_name":"http-nio-8080-exec-7","level":"WARN","message":"LOGIN_FAILED - userId=null, ip=null, reason=INVALID_CREDENTIALS, userAgent=null"}
{"@timestamp":"2025-07-17T01:13:56.1131328+09:00","logger_name":"com.example.loginlog.controller.LoginController","thread_name":"http-nio-8080-exec-8","level":"WARN","message":"LOGIN_FAILED - userId=null, ip=null, reason=INVALID_CREDENTIALS, userAgent=null"}
{"@timestamp":"2025-07-17T01:13:56.1181353+09:00","logger_name":"com.example.loginlog.controller.LoginController","thread_name":"http-nio-8080-exec-9","level":"WARN","message":"LOGIN_FAILED - userId=null, ip=null, reason=INVALID_CREDENTIALS, userAgent=null"}
{"@timestamp":"2025-07-17T01:13:56.1241334+09:00","logger_name":"com.example.loginlog.controller.LoginController","thread_name":"http-nio-8080-exec-10","level":"WARN","message":"LOGIN_FAILED - userId=null, ip=null, reason=INVALID_CREDENTIALS, userAgent=null"}
{"@timestamp":"2025-07-17T01:13:56.6027298+09:00","logger_name":"com.example.loginlog.controller.LoginController","thread_name":"http-nio-8080-exec-1","level":"WARN","message":"LOGIN_FAILED - userId=null, ip=null, reason=INVALID_CREDENTIALS, userAgent=null"}
{"@timestamp":"2025-07-17T01:13:56.6067316+09:00","logger_name":"com.example.loginlog.controller.LoginController","thread_name":"http-nio-8080-exec-2","level":"WARN","message":"LOGIN_FAILED - userId=null, ip=null, reason=INVALID_CREDENTIALS, userAgent=null"}
{"@timestamp":"2025-07-17T01:13:56.610732+09:00","logger_name":"com.example.loginlog.controller.LoginController","thread_name":"http-nio-8080-exec-3","level":"WARN","message":"LOGIN_FAILED - userId=null, ip=null, reason=INVALID_CREDENTIALS, userAgent=null"}
{"@timestamp":"2025-07-17T01:13:56.6157319+09:00","logger_name":"com.example.loginlog.controller.LoginController","thread_name":"http-nio-8080-exec-4","level":"WARN","message":"LOGIN_FAILED - userId=null, ip=null, reason=INVALID_CREDENTIALS, userAgent=null"}
{"@timestamp":"2025-07-17T01:13:56.6201649+09:00","logger_name":"com.example.loginlog.controller.LoginController","thread_name":"http-nio-8080-exec-5","level":"WARN","message":"LOGIN_FAILED - userId=null, ip=null, reason=INVALID_CREDENTIALS, userAgent=null"}
{"@timestamp":"2025-07-17T01:13:57.1053727+09:00","logger_name":"com.example.loginlog.controller.LoginController","thread_name":"http-nio-8080-exec-7","level":"WARN","message":"LOGIN_FAILED - userId=null, ip=null, reason=INVALID_CREDENTIALS, userAgent=null"}
{"@timestamp":"2025-07-17T01:13:57.1103735+09:00","logger_name":"com.example.loginlog.controller.LoginController","thread_name":"http-nio-8080-exec-8","level":"WARN","message":"LOGIN_FAILED - userId=null, ip=null, reason=INVALID_CREDENTIALS, userAgent=null"}
{"@timestamp":"2025-07-17T01:13:57.1153692+09:00","logger_name":"com.example.loginlog.controller.LoginController","thread_name":"http-nio-8080-exec-9","level":"WARN","message":"LOGIN_FAILED - userId=null, ip=null, reason=INVALID_CREDENTIALS, userAgent=null"}
{"@timestamp":"2025-07-17T01:13:57.1204515+09:00","logger_name":"com.example.loginlog.controller.LoginController","thread_name":"http-nio-8080-exec-10","level":"WARN","message":"LOGIN_FAILED - userId=null, ip=null, reason=INVALID_CREDENTIALS, userAgent=null"}
{"@timestamp":"2025-07-17T01:13:57.1263671+09:00","logger_name":"com.example.loginlog.controller.LoginController","thread_name":"http-nio-8080-exec-1","level":"WARN","message":"LOGIN_FAILED - userId=null, ip=null, reason=INVALID_CREDENTIALS, userAgent=null"}
{"@timestamp":"2025-07-17T01:13:57.6044489+09:00","logger_name":"com.example.loginlog.controller.LoginController","thread_name":"http-nio-8080-exec-3","level":"WARN","message":"LOGIN_FAILED - userId=null, ip=null, reason=INVALID_CREDENTIALS, userAgent=null"}
{"@timestamp":"2025-07-17T01:13:57.6094555+09:00","logger_name":"com.example.loginlog.controller.LoginController","thread_name":"http-nio-8080-exec-4","level":"WARN","message":"LOGIN_FAILED - userId=null, ip=null, reason=INVALID_CREDENTIALS, userAgent=null"}
{"@timestamp":"2025-07-17T01:13:57.6134768+09:00","logger_name":"com.example.loginlog.controller.LoginController","thread_name":"http-nio-8080-exec-5","level":"WARN","message":"LOGIN_FAILED - userId=null, ip=null, reason=INVALID_CREDENTIALS, userAgent=null"}
{"@timestamp":"2025-07-17T01:13:57.6184565+09:00","logger_name":"com.example.loginlog.controller.LoginController","thread_name":"http-nio-8080-exec-6","level":"WARN","message":"LOGIN_FAILED - userId=null, ip=null, reason=INVALID_CREDENTIALS, userAgent=null"}
{"@timestamp":"2025-07-17T01:13:57.6224559+09:00","logger_name":"com.example.loginlog.controller.LoginController","thread_name":"http-nio-8080-exec-7","level":"WARN","message":"LOGIN_FAILED - userId=null, ip=null, reason=INVALID_CREDENTIALS, userAgent=null"}
{"@timestamp":"2025-07-17T01:13:58.1131169+09:00","logger_name":"com.example.loginlog.controller.LoginController","thread_name":"http-nio-8080-exec-9","level":"WARN","message":"LOGIN_FAILED - userId=null, ip=null, reason=INVALID_CREDENTIALS, userAgent=null"}
{"@timestamp":"2025-07-17T01:13:58.1171069+09:00","logger_name":"com.example.loginlog.controller.LoginController","thread_name":"http-nio-8080-exec-10","level":"WARN","message":"LOGIN_FAILED - userId=null, ip=null, reason=INVALID_CREDENTIALS, userAgent=null"}
{"@timestamp":"2025-07-17T01:13:58.1221059+09:00","logger_name":"com.example.loginlog.controller.LoginController","thread_name":"http-nio-8080-exec-1","level":"WARN","message":"LOGIN_FAILED - userId=null, ip=null, reason=INVALID_CREDENTIALS, userAgent=null"}
{"@timestamp":"2025-07-17T01:13:58.125565+09:00","logger_name":"com.example.loginlog.controller.LoginController","thread_name":"http-nio-8080-exec-2","level":"WARN","message":"LOGIN_FAILED - userId=null, ip=null, reason=INVALID_CREDENTIALS, userAgent=null"}
{"@timestamp":"2025-07-17T01:13:58.1305692+09:00","logger_name":"com.example.loginlog.controller.LoginController","thread_name":"http-nio-8080-exec-3","level":"WARN","message":"LOGIN_FAILED - userId=null, ip=null, reason=INVALID_CREDENTIALS, userAgent=null"}
{"@timestamp":"2025-07-17T01:13:58.6040044+09:00","logger_name":"com.example.loginlog.controller.LoginController","thread_name":"http-nio-8080-exec-5","level":"WARN","message":"LOGIN_FAILED - userId=null, ip=null, reason=INVALID_CREDENTIALS, userAgent=null"}
{"@timestamp":"2025-07-17T01:13:58.608081+09:00","logger_name":"com.example.loginlog.controller.LoginController","thread_name":"http-nio-8080-exec-6","level":"WARN","message":"LOGIN_FAILED - userId=null, ip=null, reason=INVALID_CREDENTIALS, userAgent=null"}
{"@timestamp":"2025-07-17T01:13:58.6122652+09:00","logger_name":"com.example.loginlog.controller.LoginController","thread_name":"http-nio-8080-exec-6","level":"WARN","message":"LOGIN_FAILED - userId=null, ip=null, reason=INVALID_CREDENTIALS, userAgent=null"}
{"@timestamp":"2025-07-17T01:13:58.6182092+09:00","logger_name":"com.example.loginlog.controller.LoginController","thread_name":"http-nio-8080-exec-7","level":"WARN","message":"LOGIN_FAILED - userId=null, ip=null, reason=INVALID_CREDENTIALS, userAgent=null"}
{"@timestamp":"2025-07-17T01:13:58.6222041+09:00","logger_name":"com.example.loginlog.controller.LoginController","thread_name":"http-nio-8080-exec-8","level":"WARN","message":"LOGIN_FAILED - userId=null, ip=null, reason=INVALID_CREDENTIALS, userAgent=null"}
{"@timestamp":"2025-07-17T01:13:59.1132326+09:00","logger_name":"com.example.loginlog.controller.LoginController","thread_name":"http-nio-8080-exec-10","level":"WARN","message":"LOGIN_FAILED - userId=null, ip=null, reason=INVALID_CREDENTIALS, userAgent=null"}
{"@timestamp":"2025-07-17T01:13:59.1172331+09:00","logger_name":"com.example.loginlog.controller.LoginController","thread_name":"http-nio-8080-exec-1","level":"WARN","message":"LOGIN_FAILED - userId=null, ip=null, reason=INVALID_CREDENTIALS, userAgent=null"}
{"@timestamp":"2025-07-17T01:13:59.1202359+09:00","logger_name":"com.example.loginlog.controller.LoginController","thread_name":"http-nio-8080-exec-2","level":"WARN","message":"LOGIN_FAILED - userId=null, ip=null, reason=INVALID_CREDENTIALS, userAgent=null"}
{"@timestamp":"2025-07-17T01:13:59.1252344+09:00","logger_name":"com.example.loginlog.controller.LoginController","thread_name":"http-nio-8080-exec-3","level":"WARN","message":"LOGIN_FAILED - userId=null, ip=null, reason=INVALID_CREDENTIALS, userAgent=null"}
{"@timestamp":"2025-07-17T01:13:59.1283143+09:00","logger_name":"com.example.loginlog.controller.LoginController","thread_name":"http-nio-8080-exec-4","level":"WARN","message":"LOGIN_FAILED - userId=null, ip=null, reason=INVALID_CREDENTIALS, userAgent=null"}
{"@timestamp":"2025-07-17T01:13:59.6013951+09:00","logger_name":"com.example.loginlog.controller.LoginController","thread_name":"http-nio-8080-exec-6","level":"WARN","message":"LOGIN_FAILED - userId=null, ip=null, reason=INVALID_CREDENTIALS, userAgent=null"}
{"@timestamp":"2025-07-17T01:13:59.6054284+09:00","logger_name":"com.example.loginlog.controller.LoginController","thread_name":"http-nio-8080-exec-7","level":"WARN","message":"LOGIN_FAILED - userId=null, ip=null, reason=INVALID_CREDENTIALS, userAgent=null"}
{"@timestamp":"2025-07-17T01:13:59.608547+09:00","logger_name":"com.example.loginlog.controller.LoginController","thread_name":"http-nio-8080-exec-8","level":"WARN","message":"LOGIN_FAILED - userId=null, ip=null, reason=INVALID_CREDENTIALS, userAgent=null"}
{"@timestamp":"2025-07-17T01:13:59.6128538+09:00","logger_name":"com.example.loginlog.controller.LoginController","thread_name":"http-nio-8080-exec-9","level":"WARN","message":"LOGIN_FAILED - userId=null, ip=null, reason=INVALID_CREDENTIALS, userAgent=null"}
{"@timestamp":"2025-07-17T01:13:59.6168244+09:00","logger_name":"com.example.loginlog.controller.LoginController","thread_name":"http-nio-8080-exec-10","level":"WARN","message":"LOGIN_FAILED - userId=null, ip=null, reason=INVALID_CREDENTIALS, userAgent=null"}
{"@timestamp":"2025-07-17T01:15:09.525176+09:00","logger_name":"com.example.loginlog.controller.LoginController","thread_name":"http-nio-8080-exec-2","level":"WARN","message":"LOGIN_FAILED - userId=null, ip=null, reason=INVALID_CREDENTIALS, userAgent=null"}
{"@timestamp":"2025-07-17T01:15:09.5301746+09:00","logger_name":"com.example.loginlog.controller.LoginController","thread_name":"http-nio-8080-exec-3","level":"WARN","message":"LOGIN_FAILED - userId=null, ip=null, reason=INVALID_CREDENTIALS, userAgent=null"}
{"@timestamp":"2025-07-17T01:15:09.5343721+09:00","logger_name":"com.example.loginlog.controller.LoginController","thread_name":"http-nio-8080-exec-4","level":"WARN","message":"LOGIN_FAILED - userId=null, ip=null, reason=INVALID_CREDENTIALS, userAgent=null"}
{"@timestamp":"2025-07-17T01:15:09.5383707+09:00","logger_name":"com.example.loginlog.controller.LoginController","thread_name":"http-nio-8080-exec-5","level":"WARN","message":"LOGIN_FAILED - userId=null, ip=null, reason=INVALID_CREDENTIALS, userAgent=null"}
{"@timestamp":"2025-07-17T01:15:09.5413736+09:00","logger_name":"com.example.loginlog.controller.LoginController","thread_name":"http-nio-8080-exec-6","level":"WARN","message":"LOGIN_FAILED - userId=null, ip=null, reason=INVALID_CREDENTIALS, userAgent=null"}
{"@timestamp":"2025-07-17T01:15:10.0258015+09:00","logger_name":"com.example.loginlog.controller.LoginController","thread_name":"http-nio-8080-exec-8","level":"WARN","message":"LOGIN_FAILED - userId=null, ip=null, reason=INVALID_CREDENTIALS, userAgent=null"}
{"@timestamp":"2025-07-17T01:15:10.0367289+09:00","logger_name":"com.example.loginlog.controller.LoginController","thread_name":"http-nio-8080-exec-9","level":"WARN","message":"LOGIN_FAILED - userId=null, ip=null, reason=INVALID_CREDENTIALS, userAgent=null"}
{"@timestamp":"2025-07-17T01:15:10.040863+09:00","logger_name":"com.example.loginlog.controller.LoginController","thread_name":"http-nio-8080-exec-10","level":"WARN","message":"LOGIN_FAILED - userId=null, ip=null, reason=INVALID_CREDENTIALS, userAgent=null"}
{"@timestamp":"2025-07-17T01:15:10.0438522+09:00","logger_name":"com.example.loginlog.controller.LoginController","thread_name":"http-nio-8080-exec-1","level":"WARN","message":"LOGIN_FAILED - userId=null, ip=null, reason=INVALID_CREDENTIALS, userAgent=null"}
{"@timestamp":"2025-07-17T01:15:10.0468561+09:00","logger_name":"com.example.loginlog.controller.LoginController","thread_name":"http-nio-8080-exec-2","level":"WARN","message":"LOGIN_FAILED - userId=null, ip=null, reason=INVALID_CREDENTIALS, userAgent=null"}
{"@timestamp":"2025-07-17T01:15:10.5254899+09:00","logger_name":"com.example.loginlog.controller.LoginController","thread_name":"http-nio-8080-exec-4","level":"WARN","message":"LOGIN_FAILED - userId=null, ip=null, reason=INVALID_CREDENTIALS, userAgent=null"}
{"@timestamp":"2025-07-17T01:15:10.5307765+09:00","logger_name":"com.example.loginlog.controller.LoginController","thread_name":"http-nio-8080-exec-5","level":"WARN","message":"LOGIN_FAILED - userId=null, ip=null, reason=INVALID_CREDENTIALS, userAgent=null"}
{"@timestamp":"2025-07-17T01:15:10.5390026+09:00","logger_name":"com.example.loginlog.controller.LoginController","thread_name":"http-nio-8080-exec-5","level":"WARN","message":"LOGIN_FAILED - userId=null, ip=null, reason=INVALID_CREDENTIALS, userAgent=null"}
{"@timestamp":"2025-07-17T01:15:10.5440138+09:00","logger_name":"com.example.loginlog.controller.LoginController","thread_name":"http-nio-8080-exec-5","level":"WARN","message":"LOGIN_FAILED - userId=null, ip=null, reason=INVALID_CREDENTIALS, userAgent=null"}
{"@timestamp":"2025-07-17T01:15:10.5480129+09:00","logger_name":"com.example.loginlog.controller.LoginController","thread_name":"http-nio-8080-exec-6","level":"WARN","message":"LOGIN_FAILED - userId=null, ip=null, reason=INVALID_CREDENTIALS, userAgent=null"}
{"@timestamp":"2025-07-17T01:15:11.025089+09:00","logger_name":"com.example.loginlog.controller.LoginController","thread_name":"http-nio-8080-exec-8","level":"WARN","message":"LOGIN_FAILED - userId=null, ip=null, reason=INVALID_CREDENTIALS, userAgent=null"}
{"@timestamp":"2025-07-17T01:15:11.0286976+09:00","logger_name":"com.example.loginlog.controller.LoginController","thread_name":"http-nio-8080-exec-9","level":"WARN","message":"LOGIN_FAILED - userId=null, ip=null, reason=INVALID_CREDENTIALS, userAgent=null"}
{"@timestamp":"2025-07-17T01:15:11.033185+09:00","logger_name":"com.example.loginlog.controller.LoginController","thread_name":"http-nio-8080-exec-10","level":"WARN","message":"LOGIN_FAILED - userId=null, ip=null, reason=INVALID_CREDENTIALS, userAgent=null"}
{"@timestamp":"2025-07-17T01:15:11.0367988+09:00","logger_name":"com.example.loginlog.controller.LoginController","thread_name":"http-nio-8080-exec-1","level":"WARN","message":"LOGIN_FAILED - userId=null, ip=null, reason=INVALID_CREDENTIALS, userAgent=null"}
{"@timestamp":"2025-07-17T01:15:11.0407975+09:00","logger_name":"com.example.loginlog.controller.LoginController","thread_name":"http-nio-8080-exec-2","level":"WARN","message":"LOGIN_FAILED - userId=null, ip=null, reason=INVALID_CREDENTIALS, userAgent=null"}
{"@timestamp":"2025-07-17T01:15:11.5260044+09:00","logger_name":"com.example.loginlog.controller.LoginController","thread_name":"http-nio-8080-exec-4","level":"WARN","message":"LOGIN_FAILED - userId=null, ip=null, reason=INVALID_CREDENTIALS, userAgent=null"}
{"@timestamp":"2025-07-17T01:15:11.5310037+09:00","logger_name":"com.example.loginlog.controller.LoginController","thread_name":"http-nio-8080-exec-5","level":"WARN","message":"LOGIN_FAILED - userId=null, ip=null, reason=INVALID_CREDENTIALS, userAgent=null"}
{"@timestamp":"2025-07-17T01:15:11.5350054+09:00","logger_name":"com.example.loginlog.controller.LoginController","thread_name":"http-nio-8080-exec-6","level":"WARN","message":"LOGIN_FAILED - userId=null, ip=null, reason=INVALID_CREDENTIALS, userAgent=null"}
{"@timestamp":"2025-07-17T01:15:11.5390057+09:00","logger_name":"com.example.loginlog.controller.LoginController","thread_name":"http-nio-8080-exec-7","level":"WARN","message":"LOGIN_FAILED - userId=null, ip=null, reason=INVALID_CREDENTIALS, userAgent=null"}
{"@timestamp":"2025-07-17T01:15:11.5440051+09:00","logger_name":"com.example.loginlog.controller.LoginController","thread_name":"http-nio-8080-exec-8","level":"WARN","message":"LOGIN_FAILED - userId=null, ip=null, reason=INVALID_CREDENTIALS, userAgent=null"}
{"@timestamp":"2025-07-17T01:15:12.0252341+09:00","logger_name":"com.example.loginlog.controller.LoginController","thread_name":"http-nio-8080-exec-10","level":"WARN","message":"LOGIN_FAILED - userId=null, ip=null, reason=INVALID_CREDENTIALS, userAgent=null"}
{"@timestamp":"2025-07-17T01:15:12.0302883+09:00","logger_name":"com.example.loginlog.controller.LoginController","thread_name":"http-nio-8080-exec-1","level":"WARN","message":"LOGIN_FAILED - userId=null, ip=null, reason=INVALID_CREDENTIALS, userAgent=null"}
{"@timestamp":"2025-07-17T01:15:12.0346641+09:00","logger_name":"com.example.loginlog.controller.LoginController","thread_name":"http-nio-8080-exec-2","level":"WARN","message":"LOGIN_FAILED - userId=null, ip=null, reason=INVALID_CREDENTIALS, userAgent=null"}
{"@timestamp":"2025-07-17T01:15:12.0396638+09:00","logger_name":"com.example.loginlog.controller.LoginController","thread_name":"http-nio-8080-exec-3","level":"WARN","message":"LOGIN_FAILED - userId=null, ip=null, reason=INVALID_CREDENTIALS, userAgent=null"}
{"@timestamp":"2025-07-17T01:15:12.0436641+09:00","logger_name":"com.example.loginlog.controller.LoginController","thread_name":"http-nio-8080-exec-4","level":"WARN","message":"LOGIN_FAILED - userId=null, ip=null, reason=INVALID_CREDENTIALS, userAgent=null"}
{"@timestamp":"2025-07-17T01:15:12.5211459+09:00","logger_name":"com.example.loginlog.controller.LoginController","thread_name":"http-nio-8080-exec-6","level":"WARN","message":"LOGIN_FAILED - userId=null, ip=null, reason=INVALID_CREDENTIALS, userAgent=null"}
{"@timestamp":"2025-07-17T01:15:12.5241449+09:00","logger_name":"com.example.loginlog.controller.LoginController","thread_name":"http-nio-8080-exec-7","level":"WARN","message":"LOGIN_FAILED - userId=null, ip=null, reason=INVALID_CREDENTIALS, userAgent=null"}
{"@timestamp":"2025-07-17T01:15:12.5276399+09:00","logger_name":"com.example.loginlog.controller.LoginController","thread_name":"http-nio-8080-exec-8","level":"WARN","message":"LOGIN_FAILED - userId=null, ip=null, reason=INVALID_CREDENTIALS, userAgent=null"}
{"@timestamp":"2025-07-17T01:15:12.5426056+09:00","logger_name":"com.example.loginlog.controller.LoginController","thread_name":"http-nio-8080-exec-9","level":"WARN","message":"LOGIN_FAILED - userId=null, ip=null, reason=INVALID_CREDENTIALS, userAgent=null"}
{"@timestamp":"2025-07-17T01:15:12.5456082+09:00","logger_name":"com.example.loginlog.controller.LoginController","thread_name":"http-nio-8080-exec-10","level":"WARN","message":"LOGIN_FAILED - userId=null, ip=null, reason=INVALID_CREDENTIALS, userAgent=null"}
{"@timestamp":"2025-07-17T01:15:13.0363063+09:00","logger_name":"com.example.loginlog.controller.LoginController","thread_name":"http-nio-8080-exec-2","level":"WARN","message":"LOGIN_FAILED - userId=null, ip=null, reason=INVALID_CREDENTIALS, userAgent=null"}
{"@timestamp":"2025-07-17T01:15:13.0403153+09:00","logger_name":"com.example.loginlog.controller.LoginController","thread_name":"http-nio-8080-exec-3","level":"WARN","message":"LOGIN_FAILED - userId=null, ip=null, reason=INVALID_CREDENTIALS, userAgent=null"}
{"@timestamp":"2025-07-17T01:15:13.0433087+09:00","logger_name":"com.example.loginlog.controller.LoginController","thread_name":"http-nio-8080-exec-4","level":"WARN","message":"LOGIN_FAILED - userId=null, ip=null, reason=INVALID_CREDENTIALS, userAgent=null"}
{"@timestamp":"2025-07-17T01:15:13.0483864+09:00","logger_name":"com.example.loginlog.controller.LoginController","thread_name":"http-nio-8080-exec-5","level":"WARN","message":"LOGIN_FAILED - userId=null, ip=null, reason=INVALID_CREDENTIALS, userAgent=null"}
{"@timestamp":"2025-07-17T01:15:13.0513038+09:00","logger_name":"com.example.loginlog.controller.LoginController","thread_name":"http-nio-8080-exec-6","level":"WARN","message":"LOGIN_FAILED - userId=null, ip=null, reason=INVALID_CREDENTIALS, userAgent=null"}
{"@timestamp":"2025-07-17T01:15:13.5250895+09:00","logger_name":"com.example.loginlog.controller.LoginController","thread_name":"http-nio-8080-exec-8","level":"WARN","message":"LOGIN_FAILED - userId=null, ip=null, reason=INVALID_CREDENTIALS, userAgent=null"}
{"@timestamp":"2025-07-17T01:15:13.5291925+09:00","logger_name":"com.example.loginlog.controller.LoginController","thread_name":"http-nio-8080-exec-9","level":"WARN","message":"LOGIN_FAILED - userId=null, ip=null, reason=INVALID_CREDENTIALS, userAgent=null"}
{"@timestamp":"2025-07-17T01:15:13.5340833+09:00","logger_name":"com.example.loginlog.controller.LoginController","thread_name":"http-nio-8080-exec-10","level":"WARN","message":"LOGIN_FAILED - userId=null, ip=null, reason=INVALID_CREDENTIALS, userAgent=null"}
{"@timestamp":"2025-07-17T01:15:13.5383723+09:00","logger_name":"com.example.loginlog.controller.LoginController","thread_name":"http-nio-8080-exec-1","level":"WARN","message":"LOGIN_FAILED - userId=null, ip=null, reason=INVALID_CREDENTIALS, userAgent=null"}
{"@timestamp":"2025-07-17T01:15:13.5434153+09:00","logger_name":"com.example.loginlog.controller.LoginController","thread_name":"http-nio-8080-exec-2","level":"WARN","message":"LOGIN_FAILED - userId=null, ip=null, reason=INVALID_CREDENTIALS, userAgent=null"}
{"@timestamp":"2025-07-17T01:15:14.024169+09:00","logger_name":"com.example.loginlog.controller.LoginController","thread_name":"http-nio-8080-exec-4","level":"WARN","message":"LOGIN_FAILED - userId=null, ip=null, reason=INVALID_CREDENTIALS, userAgent=null"}
{"@timestamp":"2025-07-17T01:15:14.0282457+09:00","logger_name":"com.example.loginlog.controller.LoginController","thread_name":"http-nio-8080-exec-5","level":"WARN","message":"LOGIN_FAILED - userId=null, ip=null, reason=INVALID_CREDENTIALS, userAgent=null"}
{"@timestamp":"2025-07-17T01:15:14.0321483+09:00","logger_name":"com.example.loginlog.controller.LoginController","thread_name":"http-nio-8080-exec-6","level":"WARN","message":"LOGIN_FAILED - userId=null, ip=null, reason=INVALID_CREDENTIALS, userAgent=null"}
{"@timestamp":"2025-07-17T01:15:14.0352112+09:00","logger_name":"com.example.loginlog.controller.LoginController","thread_name":"http-nio-8080-exec-7","level":"WARN","message":"LOGIN_FAILED - userId=null, ip=null, reason=INVALID_CREDENTIALS, userAgent=null"}
{"@timestamp":"2025-07-17T01:15:14.0396179+09:00","logger_name":"com.example.loginlog.controller.LoginController","thread_name":"http-nio-8080-exec-8","level":"WARN","message":"LOGIN_FAILED - userId=null, ip=null, reason=INVALID_CREDENTIALS, userAgent=null"}
{"@timestamp":"2025-07-17T01:17:14.428474+09:00","logger_name":"com.example.loginlog.controller.LoginController","thread_name":"http-nio-8080-exec-10","level":"WARN","message":"LOGIN_FAILED - userId=null, ip=null, reason=INVALID_CREDENTIALS, userAgent=null"}
{"@timestamp":"2025-07-17T01:17:14.4384798+09:00","logger_name":"com.example.loginlog.controller.LoginController","thread_name":"http-nio-8080-exec-10","level":"WARN","message":"LOGIN_FAILED - userId=null, ip=null, reason=INVALID_CREDENTIALS, userAgent=null"}
{"@timestamp":"2025-07-17T01:17:14.4414803+09:00","logger_name":"com.example.loginlog.controller.LoginController","thread_name":"http-nio-8080-exec-1","level":"WARN","message":"LOGIN_FAILED - userId=null, ip=null, reason=INVALID_CREDENTIALS, userAgent=null"}
{"@timestamp":"2025-07-17T01:17:14.4464875+09:00","logger_name":"com.example.loginlog.controller.LoginController","thread_name":"http-nio-8080-exec-2","level":"WARN","message":"LOGIN_FAILED - userId=null, ip=null, reason=INVALID_CREDENTIALS, userAgent=null"}
{"@timestamp":"2025-07-17T01:17:14.4505783+09:00","logger_name":"com.example.loginlog.controller.LoginController","thread_name":"http-nio-8080-exec-3","level":"WARN","message":"LOGIN_FAILED - userId=null, ip=null, reason=INVALID_CREDENTIALS, userAgent=null"}
{"@timestamp":"2025-07-17T01:17:14.9006109+09:00","logger_name":"com.example.loginlog.controller.LoginController","thread_name":"http-nio-8080-exec-5","level":"WARN","message":"LOGIN_FAILED - userId=null, ip=null, reason=INVALID_CREDENTIALS, userAgent=null"}
{"@timestamp":"2025-07-17T01:17:14.9036107+09:00","logger_name":"com.example.loginlog.controller.LoginController","thread_name":"http-nio-8080-exec-6","level":"WARN","message":"LOGIN_FAILED - userId=null, ip=null, reason=INVALID_CREDENTIALS, userAgent=null"}
{"@timestamp":"2025-07-17T01:17:14.9066774+09:00","logger_name":"com.example.loginlog.controller.LoginController","thread_name":"http-nio-8080-exec-7","level":"WARN","message":"LOGIN_FAILED - userId=null, ip=null, reason=INVALID_CREDENTIALS, userAgent=null"}
{"@timestamp":"2025-07-17T01:17:14.9096774+09:00","logger_name":"com.example.loginlog.controller.LoginController","thread_name":"http-nio-8080-exec-8","level":"WARN","message":"LOGIN_FAILED - userId=null, ip=null, reason=INVALID_CREDENTIALS, userAgent=null"}
{"@timestamp":"2025-07-17T01:17:14.9127841+09:00","logger_name":"com.example.loginlog.controller.LoginController","thread_name":"http-nio-8080-exec-9","level":"WARN","message":"LOGIN_FAILED - userId=null, ip=null, reason=INVALID_CREDENTIALS, userAgent=null"}
{"@timestamp":"2025-07-17T01:17:15.3958632+09:00","logger_name":"com.example.loginlog.controller.LoginController","thread_name":"http-nio-8080-exec-1","level":"WARN","message":"LOGIN_FAILED - userId=null, ip=null, reason=INVALID_CREDENTIALS, userAgent=null"}
{"@timestamp":"2025-07-17T01:17:15.3988481+09:00","logger_name":"com.example.loginlog.controller.LoginController","thread_name":"http-nio-8080-exec-2","level":"WARN","message":"LOGIN_FAILED - userId=null, ip=null, reason=INVALID_CREDENTIALS, userAgent=null"}
{"@timestamp":"2025-07-17T01:17:15.4018484+09:00","logger_name":"com.example.loginlog.controller.LoginController","thread_name":"http-nio-8080-exec-3","level":"WARN","message":"LOGIN_FAILED - userId=null, ip=null, reason=INVALID_CREDENTIALS, userAgent=null"}
{"@timestamp":"2025-07-17T01:17:15.4049356+09:00","logger_name":"com.example.loginlog.controller.LoginController","thread_name":"http-nio-8080-exec-4","level":"WARN","message":"LOGIN_FAILED - userId=null, ip=null, reason=INVALID_CREDENTIALS, userAgent=null"}
{"@timestamp":"2025-07-17T01:17:15.4079415+09:00","logger_name":"com.example.loginlog.controller.LoginController","thread_name":"http-nio-8080-exec-5","level":"WARN","message":"LOGIN_FAILED - userId=null, ip=null, reason=INVALID_CREDENTIALS, userAgent=null"}
{"@timestamp":"2025-07-17T01:17:15.9018636+09:00","logger_name":"com.example.loginlog.controller.LoginController","thread_name":"http-nio-8080-exec-7","level":"WARN","message":"LOGIN_FAILED - userId=null, ip=null, reason=INVALID_CREDENTIALS, userAgent=null"}
{"@timestamp":"2025-07-17T01:17:15.9057093+09:00","logger_name":"com.example.loginlog.controller.LoginController","thread_name":"http-nio-8080-exec-8","level":"WARN","message":"LOGIN_FAILED - userId=null, ip=null, reason=INVALID_CREDENTIALS, userAgent=null"}
{"@timestamp":"2025-07-17T01:17:15.9107271+09:00","logger_name":"com.example.loginlog.controller.LoginController","thread_name":"http-nio-8080-exec-9","level":"WARN","message":"LOGIN_FAILED - userId=null, ip=null, reason=INVALID_CREDENTIALS, userAgent=null"}
{"@timestamp":"2025-07-17T01:17:15.91373+09:00","logger_name":"com.example.loginlog.controller.LoginController","thread_name":"http-nio-8080-exec-10","level":"WARN","message":"LOGIN_FAILED - userId=null, ip=null, reason=INVALID_CREDENTIALS, userAgent=null"}
{"@timestamp":"2025-07-17T01:17:15.9167219+09:00","logger_name":"com.example.loginlog.controller.LoginController","thread_name":"http-nio-8080-exec-1","level":"WARN","message":"LOGIN_FAILED - userId=null, ip=null, reason=INVALID_CREDENTIALS, userAgent=null"}
{"@timestamp":"2025-07-17T01:17:16.3960097+09:00","logger_name":"com.example.loginlog.controller.LoginController","thread_name":"http-nio-8080-exec-3","level":"WARN","message":"LOGIN_FAILED - userId=null, ip=null, reason=INVALID_CREDENTIALS, userAgent=null"}
{"@timestamp":"2025-07-17T01:17:16.4048347+09:00","logger_name":"com.example.loginlog.controller.LoginController","thread_name":"http-nio-8080-exec-4","level":"WARN","message":"LOGIN_FAILED - userId=null, ip=null, reason=INVALID_CREDENTIALS, userAgent=null"}
{"@timestamp":"2025-07-17T01:17:16.4078401+09:00","logger_name":"com.example.loginlog.controller.LoginController","thread_name":"http-nio-8080-exec-5","level":"WARN","message":"LOGIN_FAILED - userId=null, ip=null, reason=INVALID_CREDENTIALS, userAgent=null"}
{"@timestamp":"2025-07-17T01:17:16.412036+09:00","logger_name":"com.example.loginlog.controller.LoginController","thread_name":"http-nio-8080-exec-6","level":"WARN","message":"LOGIN_FAILED - userId=null, ip=null, reason=INVALID_CREDENTIALS, userAgent=null"}
{"@timestamp":"2025-07-17T01:17:16.4159378+09:00","logger_name":"com.example.loginlog.controller.LoginController","thread_name":"http-nio-8080-exec-7","level":"WARN","message":"LOGIN_FAILED - userId=null, ip=null, reason=INVALID_CREDENTIALS, userAgent=null"}
{"@timestamp":"2025-07-17T01:17:16.9003134+09:00","logger_name":"com.example.loginlog.controller.LoginController","thread_name":"http-nio-8080-exec-9","level":"WARN","message":"LOGIN_FAILED - userId=null, ip=null, reason=INVALID_CREDENTIALS, userAgent=null"}
{"@timestamp":"2025-07-17T01:17:16.9198695+09:00","logger_name":"com.example.loginlog.controller.LoginController","thread_name":"http-nio-8080-exec-10","level":"WARN","message":"LOGIN_FAILED - userId=null, ip=null, reason=INVALID_CREDENTIALS, userAgent=null"}
{"@timestamp":"2025-07-17T01:17:16.9249491+09:00","logger_name":"com.example.loginlog.controller.LoginController","thread_name":"http-nio-8080-exec-1","level":"WARN","message":"LOGIN_FAILED - userId=null, ip=null, reason=INVALID_CREDENTIALS, userAgent=null"}
{"@timestamp":"2025-07-17T01:17:16.9288972+09:00","logger_name":"com.example.loginlog.controller.LoginController","thread_name":"http-nio-8080-exec-2","level":"WARN","message":"LOGIN_FAILED - userId=null, ip=null, reason=INVALID_CREDENTIALS, userAgent=null"}
{"@timestamp":"2025-07-17T01:17:16.9319506+09:00","logger_name":"com.example.loginlog.controller.LoginController","thread_name":"http-nio-8080-exec-3","level":"WARN","message":"LOGIN_FAILED - userId=null, ip=null, reason=INVALID_CREDENTIALS, userAgent=null"}
{"@timestamp":"2025-07-17T01:17:17.3943518+09:00","logger_name":"com.example.loginlog.controller.LoginController","thread_name":"http-nio-8080-exec-5","level":"WARN","message":"LOGIN_FAILED - userId=null, ip=null, reason=INVALID_CREDENTIALS, userAgent=null"}
{"@timestamp":"2025-07-17T01:17:17.3982506+09:00","logger_name":"com.example.loginlog.controller.LoginController","thread_name":"http-nio-8080-exec-6","level":"WARN","message":"LOGIN_FAILED - userId=null, ip=null, reason=INVALID_CREDENTIALS, userAgent=null"}
{"@timestamp":"2025-07-17T01:17:17.4052322+09:00","logger_name":"com.example.loginlog.controller.LoginController","thread_name":"http-nio-8080-exec-7","level":"WARN","message":"LOGIN_FAILED - userId=null, ip=null, reason=INVALID_CREDENTIALS, userAgent=null"}
{"@timestamp":"2025-07-17T01:17:17.4092659+09:00","logger_name":"com.example.loginlog.controller.LoginController","thread_name":"http-nio-8080-exec-8","level":"WARN","message":"LOGIN_FAILED - userId=null, ip=null, reason=INVALID_CREDENTIALS, userAgent=null"}
{"@timestamp":"2025-07-17T01:17:17.4132478+09:00","logger_name":"com.example.loginlog.controller.LoginController","thread_name":"http-nio-8080-exec-9","level":"WARN","message":"LOGIN_FAILED - userId=null, ip=null, reason=INVALID_CREDENTIALS, userAgent=null"}
{"@timestamp":"2025-07-17T01:17:17.8918513+09:00","logger_name":"com.example.loginlog.controller.LoginController","thread_name":"http-nio-8080-exec-1","level":"WARN","message":"LOGIN_FAILED - userId=null, ip=null, reason=INVALID_CREDENTIALS, userAgent=null"}
{"@timestamp":"2025-07-17T01:17:17.8957682+09:00","logger_name":"com.example.loginlog.controller.LoginController","thread_name":"http-nio-8080-exec-2","level":"WARN","message":"LOGIN_FAILED - userId=null, ip=null, reason=INVALID_CREDENTIALS, userAgent=null"}
{"@timestamp":"2025-07-17T01:17:17.8997662+09:00","logger_name":"com.example.loginlog.controller.LoginController","thread_name":"http-nio-8080-exec-3","level":"WARN","message":"LOGIN_FAILED - userId=null, ip=null, reason=INVALID_CREDENTIALS, userAgent=null"}
{"@timestamp":"2025-07-17T01:17:17.902769+09:00","logger_name":"com.example.loginlog.controller.LoginController","thread_name":"http-nio-8080-exec-4","level":"WARN","message":"LOGIN_FAILED - userId=null, ip=null, reason=INVALID_CREDENTIALS, userAgent=null"}
{"@timestamp":"2025-07-17T01:17:17.907765+09:00","logger_name":"com.example.loginlog.controller.LoginController","thread_name":"http-nio-8080-exec-5","level":"WARN","message":"LOGIN_FAILED - userId=null, ip=null, reason=INVALID_CREDENTIALS, userAgent=null"}
{"@timestamp":"2025-07-17T01:17:18.3889563+09:00","logger_name":"com.example.loginlog.controller.LoginController","thread_name":"http-nio-8080-exec-7","level":"WARN","message":"LOGIN_FAILED - userId=null, ip=null, reason=INVALID_CREDENTIALS, userAgent=null"}
{"@timestamp":"2025-07-17T01:17:18.3909565+09:00","logger_name":"com.example.loginlog.controller.LoginController","thread_name":"http-nio-8080-exec-8","level":"WARN","message":"LOGIN_FAILED - userId=null, ip=null, reason=INVALID_CREDENTIALS, userAgent=null"}
{"@timestamp":"2025-07-17T01:17:18.3939555+09:00","logger_name":"com.example.loginlog.controller.LoginController","thread_name":"http-nio-8080-exec-9","level":"WARN","message":"LOGIN_FAILED - userId=null, ip=null, reason=INVALID_CREDENTIALS, userAgent=null"}
{"@timestamp":"2025-07-17T01:17:18.396956+09:00","logger_name":"com.example.loginlog.controller.LoginController","thread_name":"http-nio-8080-exec-10","level":"WARN","message":"LOGIN_FAILED - userId=null, ip=null, reason=INVALID_CREDENTIALS, userAgent=null"}
{"@timestamp":"2025-07-17T01:17:18.4109017+09:00","logger_name":"com.example.loginlog.controller.LoginController","thread_name":"http-nio-8080-exec-1","level":"WARN","message":"LOGIN_FAILED - userId=null, ip=null, reason=INVALID_CREDENTIALS, userAgent=null"}
{"@timestamp":"2025-07-17T01:17:18.8896325+09:00","logger_name":"com.example.loginlog.controller.LoginController","thread_name":"http-nio-8080-exec-3","level":"WARN","message":"LOGIN_FAILED - userId=null, ip=null, reason=INVALID_CREDENTIALS, userAgent=null"}
{"@timestamp":"2025-07-17T01:17:18.9042984+09:00","logger_name":"com.example.loginlog.controller.LoginController","thread_name":"http-nio-8080-exec-4","level":"WARN","message":"LOGIN_FAILED - userId=null, ip=null, reason=INVALID_CREDENTIALS, userAgent=null"}
{"@timestamp":"2025-07-17T01:17:18.908185+09:00","logger_name":"com.example.loginlog.controller.LoginController","thread_name":"http-nio-8080-exec-5","level":"WARN","message":"LOGIN_FAILED - userId=null, ip=null, reason=INVALID_CREDENTIALS, userAgent=null"}
{"@timestamp":"2025-07-17T01:17:18.9122768+09:00","logger_name":"com.example.loginlog.controller.LoginController","thread_name":"http-nio-8080-exec-6","level":"WARN","message":"LOGIN_FAILED - userId=null, ip=null, reason=INVALID_CREDENTIALS, userAgent=null"}
{"@timestamp":"2025-07-17T01:17:18.9161858+09:00","logger_name":"com.example.loginlog.controller.LoginController","thread_name":"http-nio-8080-exec-7","level":"WARN","message":"LOGIN_FAILED - userId=null, ip=null, reason=INVALID_CREDENTIALS, userAgent=null"}
{"@timestamp":"2025-07-17T01:20:15.7855544+09:00","logger_name":"org.springframework.boot.devtools.autoconfigure.LocalDevToolsAutoConfiguration$RestartingClassPathChangeChangedEventListener","thread_name":"File Watcher","level":"INFO","message":"Restarting due to 1 class path change (0 additions, 0 deletions, 1 modification)"}
{"@timestamp":"2025-07-17T01:20:15.838059+09:00","logger_name":"org.springframework.boot.web.embedded.tomcat.GracefulShutdown","thread_name":"Thread-11","level":"INFO","message":"Commencing graceful shutdown. Waiting for active requests to complete"}
{"@timestamp":"2025-07-17T01:20:15.8460577+09:00","logger_name":"org.apache.coyote.http11.Http11NioProtocol","thread_name":"tomcat-shutdown","level":"INFO","message":"Pausing ProtocolHandler [\"http-nio-8080\"]"}
{"@timestamp":"2025-07-17T01:20:15.8626819+09:00","logger_name":"org.springframework.boot.web.embedded.tomcat.GracefulShutdown","thread_name":"tomcat-shutdown","level":"INFO","message":"Graceful shutdown complete"}
{"@timestamp":"2025-07-17T01:20:15.8646973+09:00","logger_name":"org.apache.coyote.http11.Http11NioProtocol","thread_name":"Thread-11","level":"INFO","message":"Stopping ProtocolHandler [\"http-nio-8080\"]"}
{"@timestamp":"2025-07-17T01:20:16.2040502+09:00","logger_name":"com.example.loginlog.LoginlogApplication","thread_name":"restartedMain","level":"INFO","message":"Starting LoginlogApplication using Java 21.0.7 with PID 18372 (C:\\logProject\\loginlog\\target\\classes started by kangs in C:\\logProject\\loginlog)"}
{"@timestamp":"2025-07-17T01:20:16.2050489+09:00","logger_name":"com.example.loginlog.LoginlogApplication","thread_name":"restartedMain","level":"INFO","message":"No active profile set, falling back to 1 default profile: \"default\""}
{"@timestamp":"2025-07-17T01:20:16.6068353+09:00","logger_name":"org.springframework.boot.web.embedded.tomcat.TomcatWebServer","thread_name":"restartedMain","level":"INFO","message":"Tomcat initialized with port 8080 (http)"}
{"@timestamp":"2025-07-17T01:20:16.6078396+09:00","logger_name":"org.apache.coyote.http11.Http11NioProtocol","thread_name":"restartedMain","level":"INFO","message":"Initializing ProtocolHandler [\"http-nio-8080\"]"}
{"@timestamp":"2025-07-17T01:20:16.6088398+09:00","logger_name":"org.apache.catalina.core.StandardService","thread_name":"restartedMain","level":"INFO","message":"Starting service [Tomcat]"}
{"@timestamp":"2025-07-17T01:20:16.6088398+09:00","logger_name":"org.apache.catalina.core.StandardEngine","thread_name":"restartedMain","level":"INFO","message":"Starting Servlet engine: [Apache Tomcat/10.1.42]"}
{"@timestamp":"2025-07-17T01:20:16.6438352+09:00","logger_name":"org.apache.catalina.core.ContainerBase.[Tomcat].[localhost].[/]","thread_name":"restartedMain","level":"INFO","message":"Initializing Spring embedded WebApplicationContext"}
{"@timestamp":"2025-07-17T01:20:16.6438352+09:00","logger_name":"org.springframework.boot.web.servlet.context.ServletWebServerApplicationContext","thread_name":"restartedMain","level":"INFO","message":"Root WebApplicationContext: initialization completed in 428 ms"}
{"@timestamp":"2025-07-17T01:20:16.727837+09:00","logger_name":"org.springframework.boot.devtools.autoconfigure.OptionalLiveReloadServer","thread_name":"restartedMain","level":"INFO","message":"LiveReload server is running on port 35729"}
{"@timestamp":"2025-07-17T01:20:16.7318378+09:00","logger_name":"org.apache.coyote.http11.Http11NioProtocol","thread_name":"restartedMain","level":"INFO","message":"Starting ProtocolHandler [\"http-nio-8080\"]"}
{"@timestamp":"2025-07-17T01:20:16.7398357+09:00","logger_name":"org.springframework.boot.web.embedded.tomcat.TomcatWebServer","thread_name":"restartedMain","level":"INFO","message":"Tomcat started on port 8080 (http) with context path '/'"}
{"@timestamp":"2025-07-17T01:20:16.7448391+09:00","logger_name":"com.example.loginlog.LoginlogApplication","thread_name":"restartedMain","level":"INFO","message":"Started LoginlogApplication in 0.652 seconds (process running for 2712.765)"}
{"@timestamp":"2025-07-17T01:20:16.7458361+09:00","logger_name":"org.springframework.boot.devtools.autoconfigure.ConditionEvaluationDeltaLoggingListener","thread_name":"restartedMain","level":"INFO","message":"Condition evaluation unchanged"}
{"@timestamp":"2025-07-17T10:51:32.3620289+09:00","logger_name":"com.example.loginlog.LoginlogApplication","thread_name":"restartedMain","level":"INFO","message":"Starting LoginlogApplication using Java 21.0.7 with PID 11792 (C:\\logProject\\loginlog\\target\\classes started by kangs in C:\\logProject\\loginlog)"}
{"@timestamp":"2025-07-17T10:51:32.3780301+09:00","logger_name":"com.example.loginlog.LoginlogApplication","thread_name":"restartedMain","level":"INFO","message":"No active profile set, falling back to 1 default profile: \"default\""}
{"@timestamp":"2025-07-17T10:51:32.4060304+09:00","logger_name":"com.example.loginlog.LoginlogApplication","thread_name":"restartedMain","level":"INFO","message":"Starting LoginlogApplication using Java 21.0.7 with PID 11396 (C:\\logProject\\loginlog\\target\\classes started by kangs in C:\\logProject\\loginlog)"}
{"@timestamp":"2025-07-17T10:51:32.431027+09:00","logger_name":"com.example.loginlog.LoginlogApplication","thread_name":"restartedMain","level":"INFO","message":"No active profile set, falling back to 1 default profile: \"default\""}
{"@timestamp":"2025-07-17T10:51:32.5440295+09:00","logger_name":"org.springframework.boot.devtools.env.DevToolsPropertyDefaultsPostProcessor","thread_name":"restartedMain","level":"INFO","message":"Devtools property defaults active! Set 'spring.devtools.add-properties' to 'false' to disable"}
{"@timestamp":"2025-07-17T10:51:32.5440295+09:00","logger_name":"org.springframework.boot.devtools.env.DevToolsPropertyDefaultsPostProcessor","thread_name":"restartedMain","level":"INFO","message":"For additional web related logging consider setting the 'logging.level.web' property to 'DEBUG'"}
{"@timestamp":"2025-07-17T10:51:32.6080278+09:00","logger_name":"org.springframework.boot.devtools.env.DevToolsPropertyDefaultsPostProcessor","thread_name":"restartedMain","level":"INFO","message":"Devtools property defaults active! Set 'spring.devtools.add-properties' to 'false' to disable"}
{"@timestamp":"2025-07-17T10:51:32.6090278+09:00","logger_name":"org.springframework.boot.devtools.env.DevToolsPropertyDefaultsPostProcessor","thread_name":"restartedMain","level":"INFO","message":"For additional web related logging consider setting the 'logging.level.web' property to 'DEBUG'"}
{"@timestamp":"2025-07-17T10:51:34.9999131+09:00","logger_name":"org.springframework.boot.web.embedded.tomcat.TomcatWebServer","thread_name":"restartedMain","level":"INFO","message":"Tomcat initialized with port 8080 (http)"}
{"@timestamp":"2025-07-17T10:51:35.0029247+09:00","logger_name":"org.springframework.boot.web.embedded.tomcat.TomcatWebServer","thread_name":"restartedMain","level":"INFO","message":"Tomcat initialized with port 8080 (http)"}
{"@timestamp":"2025-07-17T10:51:35.0336843+09:00","logger_name":"org.apache.coyote.http11.Http11NioProtocol","thread_name":"restartedMain","level":"INFO","message":"Initializing ProtocolHandler [\"http-nio-8080\"]"}
{"@timestamp":"2025-07-17T10:51:35.0346925+09:00","logger_name":"org.apache.coyote.http11.Http11NioProtocol","thread_name":"restartedMain","level":"INFO","message":"Initializing ProtocolHandler [\"http-nio-8080\"]"}
{"@timestamp":"2025-07-17T10:51:35.0386951+09:00","logger_name":"org.apache.catalina.core.StandardService","thread_name":"restartedMain","level":"INFO","message":"Starting service [Tomcat]"}
{"@timestamp":"2025-07-17T10:51:35.0386951+09:00","logger_name":"org.apache.catalina.core.StandardService","thread_name":"restartedMain","level":"INFO","message":"Starting service [Tomcat]"}
{"@timestamp":"2025-07-17T10:51:35.0396935+09:00","logger_name":"org.apache.catalina.core.StandardEngine","thread_name":"restartedMain","level":"INFO","message":"Starting Servlet engine: [Apache Tomcat/10.1.42]"}
{"@timestamp":"2025-07-17T10:51:35.040696+09:00","logger_name":"org.apache.catalina.core.StandardEngine","thread_name":"restartedMain","level":"INFO","message":"Starting Servlet engine: [Apache Tomcat/10.1.42]"}
{"@timestamp":"2025-07-17T10:51:35.16424+09:00","logger_name":"org.apache.catalina.core.ContainerBase.[Tomcat].[localhost].[/]","thread_name":"restartedMain","level":"INFO","message":"Initializing Spring embedded WebApplicationContext"}
{"@timestamp":"2025-07-17T10:51:35.1652392+09:00","logger_name":"org.apache.catalina.core.ContainerBase.[Tomcat].[localhost].[/]","thread_name":"restartedMain","level":"INFO","message":"Initializing Spring embedded WebApplicationContext"}
{"@timestamp":"2025-07-17T10:51:35.1667125+09:00","logger_name":"org.springframework.boot.web.servlet.context.ServletWebServerApplicationContext","thread_name":"restartedMain","level":"INFO","message":"Root WebApplicationContext: initialization completed in 2555 ms"}
{"@timestamp":"2025-07-17T10:51:35.167757+09:00","logger_name":"org.springframework.boot.web.servlet.context.ServletWebServerApplicationContext","thread_name":"restartedMain","level":"INFO","message":"Root WebApplicationContext: initialization completed in 2620 ms"}
{"@timestamp":"2025-07-17T10:51:36.1765869+09:00","logger_name":"org.springframework.boot.devtools.autoconfigure.OptionalLiveReloadServer","thread_name":"restartedMain","level":"WARN","message":"Unable to start LiveReload server"}
{"@timestamp":"2025-07-17T10:51:36.1775889+09:00","logger_name":"org.springframework.boot.devtools.autoconfigure.OptionalLiveReloadServer","thread_name":"restartedMain","level":"INFO","message":"LiveReload server is running on port 35729"}
{"@timestamp":"2025-07-17T10:51:36.2018136+09:00","logger_name":"org.apache.coyote.http11.Http11NioProtocol","thread_name":"restartedMain","level":"INFO","message":"Starting ProtocolHandler [\"http-nio-8080\"]"}
{"@timestamp":"2025-07-17T10:51:36.2018136+09:00","logger_name":"org.apache.coyote.http11.Http11NioProtocol","thread_name":"restartedMain","level":"INFO","message":"Starting ProtocolHandler [\"http-nio-8080\"]"}
{"@timestamp":"2025-07-17T10:51:36.2138141+09:00","logger_name":"org.springframework.boot.web.servlet.context.AnnotationConfigServletWebServerApplicationContext","thread_name":"restartedMain","level":"WARN","message":"Exception encountered during context initialization - cancelling refresh attempt: org.springframework.context.ApplicationContextException: Failed to start bean 'webServerStartStop'"}
{"@timestamp":"2025-07-17T10:51:36.2590437+09:00","logger_name":"org.springframework.boot.autoconfigure.logging.ConditionEvaluationReportLogger","thread_name":"restartedMain","level":"INFO","message":"\r\n\r\nError starting ApplicationContext. To display the condition evaluation report re-run your application with 'debug' enabled."}
{"@timestamp":"2025-07-17T10:51:36.2660446+09:00","logger_name":"org.springframework.boot.web.embedded.tomcat.TomcatWebServer","thread_name":"restartedMain","level":"INFO","message":"Tomcat started on port 8080 (http) with context path '/'"}
{"@timestamp":"2025-07-17T10:51:36.2884743+09:00","logger_name":"com.example.loginlog.LoginlogApplication","thread_name":"restartedMain","level":"INFO","message":"Started LoginlogApplication in 5.523 seconds (process running for 6.684)"}
{"@timestamp":"2025-07-17T10:51:36.3421265+09:00","logger_name":"org.springframework.boot.diagnostics.LoggingFailureAnalysisReporter","thread_name":"restartedMain","level":"ERROR","message":"\r\n\r\n***************************\r\nAPPLICATION FAILED TO START\r\n***************************\r\n\r\nDescription:\r\n\r\nWeb server failed to start. Port 8080 was already in use.\r\n\r\nAction:\r\n\r\nIdentify and stop the process that's listening on port 8080 or configure this application to listen on another port.\r\n"}
{"@timestamp":"2025-07-17T13:57:19.2226493+09:00","logger_name":"com.example.loginlog.LoginlogApplication","thread_name":"restartedMain","level":"INFO","message":"Starting LoginlogApplication using Java 21.0.7 with PID 9204 (C:\\logProject\\loginlog\\target\\classes started by kangs in C:\\logProject\\loginlog)"}
{"@timestamp":"2025-07-17T13:57:19.2416527+09:00","logger_name":"com.example.loginlog.LoginlogApplication","thread_name":"restartedMain","level":"INFO","message":"No active profile set, falling back to 1 default profile: \"default\""}
{"@timestamp":"2025-07-17T13:57:19.3149163+09:00","logger_name":"org.springframework.boot.devtools.env.DevToolsPropertyDefaultsPostProcessor","thread_name":"restartedMain","level":"INFO","message":"Devtools property defaults active! Set 'spring.devtools.add-properties' to 'false' to disable"}
{"@timestamp":"2025-07-17T13:57:19.3149163+09:00","logger_name":"org.springframework.boot.devtools.env.DevToolsPropertyDefaultsPostProcessor","thread_name":"restartedMain","level":"INFO","message":"For additional web related logging consider setting the 'logging.level.web' property to 'DEBUG'"}
{"@timestamp":"2025-07-17T13:57:20.9182482+09:00","logger_name":"org.springframework.boot.web.embedded.tomcat.TomcatWebServer","thread_name":"restartedMain","level":"INFO","message":"Tomcat initialized with port 8080 (http)"}
{"@timestamp":"2025-07-17T13:57:20.938225+09:00","logger_name":"org.apache.coyote.http11.Http11NioProtocol","thread_name":"restartedMain","level":"INFO","message":"Initializing ProtocolHandler [\"http-nio-8080\"]"}
{"@timestamp":"2025-07-17T13:57:20.9422288+09:00","logger_name":"org.apache.catalina.core.StandardService","thread_name":"restartedMain","level":"INFO","message":"Starting service [Tomcat]"}
{"@timestamp":"2025-07-17T13:57:20.9422288+09:00","logger_name":"org.apache.catalina.core.StandardEngine","thread_name":"restartedMain","level":"INFO","message":"Starting Servlet engine: [Apache Tomcat/10.1.42]"}
{"@timestamp":"2025-07-17T13:57:21.0317237+09:00","logger_name":"org.apache.catalina.core.ContainerBase.[Tomcat].[localhost].[/]","thread_name":"restartedMain","level":"INFO","message":"Initializing Spring embedded WebApplicationContext"}
{"@timestamp":"2025-07-17T13:57:21.0347155+09:00","logger_name":"org.springframework.boot.web.servlet.context.ServletWebServerApplicationContext","thread_name":"restartedMain","level":"INFO","message":"Root WebApplicationContext: initialization completed in 1717 ms"}
{"@timestamp":"2025-07-17T13:57:21.6276182+09:00","logger_name":"org.springframework.boot.devtools.autoconfigure.OptionalLiveReloadServer","thread_name":"restartedMain","level":"INFO","message":"LiveReload server is running on port 35729"}
{"@timestamp":"2025-07-17T13:57:21.6486176+09:00","logger_name":"org.apache.coyote.http11.Http11NioProtocol","thread_name":"restartedMain","level":"INFO","message":"Starting ProtocolHandler [\"http-nio-8080\"]"}
{"@timestamp":"2025-07-17T13:57:21.7155563+09:00","logger_name":"org.springframework.boot.web.embedded.tomcat.TomcatWebServer","thread_name":"restartedMain","level":"INFO","message":"Tomcat started on port 8080 (http) with context path '/'"}
{"@timestamp":"2025-07-17T13:57:21.73355+09:00","logger_name":"com.example.loginlog.LoginlogApplication","thread_name":"restartedMain","level":"INFO","message":"Started LoginlogApplication in 3.76 seconds (process running for 4.614)"}
{"@timestamp":"2025-07-17T14:12:31.7585134+09:00","logger_name":"org.springframework.boot.devtools.autoconfigure.LocalDevToolsAutoConfiguration$RestartingClassPathChangeChangedEventListener","thread_name":"File Watcher","level":"INFO","message":"Restarting due to 3 class path changes (0 additions, 0 deletions, 3 modifications)"}
{"@timestamp":"2025-07-17T14:12:31.7645845+09:00","logger_name":"org.springframework.boot.web.embedded.tomcat.GracefulShutdown","thread_name":"Thread-5","level":"INFO","message":"Commencing graceful shutdown. Waiting for active requests to complete"}
{"@timestamp":"2025-07-17T14:12:31.7656166+09:00","logger_name":"org.apache.coyote.http11.Http11NioProtocol","thread_name":"tomcat-shutdown","level":"INFO","message":"Pausing ProtocolHandler [\"http-nio-8080\"]"}
{"@timestamp":"2025-07-17T14:12:31.7759265+09:00","logger_name":"org.springframework.boot.web.embedded.tomcat.GracefulShutdown","thread_name":"tomcat-shutdown","level":"INFO","message":"Graceful shutdown complete"}
{"@timestamp":"2025-07-17T14:12:31.7769271+09:00","logger_name":"org.apache.coyote.http11.Http11NioProtocol","thread_name":"Thread-5","level":"INFO","message":"Stopping ProtocolHandler [\"http-nio-8080\"]"}
{"@timestamp":"2025-07-17T14:12:31.8551006+09:00","logger_name":"com.example.loginlog.LoginlogApplication","thread_name":"restartedMain","level":"INFO","message":"Starting LoginlogApplication using Java 21.0.7 with PID 9204 (C:\\logProject\\loginlog\\target\\classes started by kangs in C:\\logProject\\loginlog)"}
{"@timestamp":"2025-07-17T14:12:31.8561011+09:00","logger_name":"com.example.loginlog.LoginlogApplication","thread_name":"restartedMain","level":"INFO","message":"No active profile set, falling back to 1 default profile: \"default\""}
{"@timestamp":"2025-07-17T14:12:32.0900224+09:00","logger_name":"org.springframework.boot.web.embedded.tomcat.TomcatWebServer","thread_name":"restartedMain","level":"INFO","message":"Tomcat initialized with port 8080 (http)"}
{"@timestamp":"2025-07-17T14:12:32.0910214+09:00","logger_name":"org.apache.coyote.http11.Http11NioProtocol","thread_name":"restartedMain","level":"INFO","message":"Initializing ProtocolHandler [\"http-nio-8080\"]"}
{"@timestamp":"2025-07-17T14:12:32.0916994+09:00","logger_name":"org.apache.catalina.core.StandardService","thread_name":"restartedMain","level":"INFO","message":"Starting service [Tomcat]"}
{"@timestamp":"2025-07-17T14:12:32.0916994+09:00","logger_name":"org.apache.catalina.core.StandardEngine","thread_name":"restartedMain","level":"INFO","message":"Starting Servlet engine: [Apache Tomcat/10.1.42]"}
{"@timestamp":"2025-07-17T14:12:32.1097075+09:00","logger_name":"org.apache.catalina.core.ContainerBase.[Tomcat].[localhost].[/]","thread_name":"restartedMain","level":"INFO","message":"Initializing Spring embedded WebApplicationContext"}
{"@timestamp":"2025-07-17T14:12:32.1097075+09:00","logger_name":"org.springframework.boot.web.servlet.context.ServletWebServerApplicationContext","thread_name":"restartedMain","level":"INFO","message":"Root WebApplicationContext: initialization completed in 251 ms"}
{"@timestamp":"2025-07-17T14:12:32.1837147+09:00","logger_name":"org.springframework.boot.devtools.autoconfigure.OptionalLiveReloadServer","thread_name":"restartedMain","level":"INFO","message":"LiveReload server is running on port 35729"}
{"@timestamp":"2025-07-17T14:12:32.1887067+09:00","logger_name":"org.apache.coyote.http11.Http11NioProtocol","thread_name":"restartedMain","level":"INFO","message":"Starting ProtocolHandler [\"http-nio-8080\"]"}
{"@timestamp":"2025-07-17T14:12:32.1937158+09:00","logger_name":"org.springframework.boot.web.embedded.tomcat.TomcatWebServer","thread_name":"restartedMain","level":"INFO","message":"Tomcat started on port 8080 (http) with context path '/'"}
{"@timestamp":"2025-07-17T14:12:32.1967068+09:00","logger_name":"com.example.loginlog.LoginlogApplication","thread_name":"restartedMain","level":"INFO","message":"Started LoginlogApplication in 0.376 seconds (process running for 916.882)"}
{"@timestamp":"2025-07-17T14:12:32.198706+09:00","logger_name":"org.springframework.boot.devtools.autoconfigure.ConditionEvaluationDeltaLoggingListener","thread_name":"restartedMain","level":"INFO","message":"Condition evaluation unchanged"}
{"@timestamp":"2025-07-17T15:16:50.8249706+09:00","logger_name":"com.example.loginlog.LoginlogApplicationTests","thread_name":"main","level":"INFO","message":"Starting LoginlogApplicationTests using Java 21.0.6 with PID 21836 (started by 1-01 in C:\\ELK-Project)"}
{"@timestamp":"2025-07-17T15:16:50.8368015+09:00","logger_name":"com.example.loginlog.LoginlogApplicationTests","thread_name":"main","level":"INFO","message":"No active profile set, falling back to 1 default profile: \"default\""}
{"@timestamp":"2025-07-17T15:16:52.2592756+09:00","logger_name":"com.example.loginlog.LoginlogApplicationTests","thread_name":"main","level":"INFO","message":"Started LoginlogApplicationTests in 2.192 seconds (process running for 4.21)"}
{"@timestamp":"2025-07-17T15:51:45.565575+09:00","logger_name":"com.example.loginlog.LoginlogApplication","thread_name":"restartedMain","level":"INFO","message":"Starting LoginlogApplication using Java 21.0.6 with PID 7236 (C:\\ELK-Project\\target\\classes started by 1-01 in C:\\ELK-Project)"}
{"@timestamp":"2025-07-17T15:51:45.5741414+09:00","logger_name":"com.example.loginlog.LoginlogApplication","thread_name":"restartedMain","level":"INFO","message":"No active profile set, falling back to 1 default profile: \"default\""}
{"@timestamp":"2025-07-17T15:51:45.6465281+09:00","logger_name":"org.springframework.boot.devtools.env.DevToolsPropertyDefaultsPostProcessor","thread_name":"restartedMain","level":"INFO","message":"Devtools property defaults active! Set 'spring.devtools.add-properties' to 'false' to disable"}
{"@timestamp":"2025-07-17T15:51:45.6465281+09:00","logger_name":"org.springframework.boot.devtools.env.DevToolsPropertyDefaultsPostProcessor","thread_name":"restartedMain","level":"INFO","message":"For additional web related logging consider setting the 'logging.level.web' property to 'DEBUG'"}
{"@timestamp":"2025-07-17T15:51:46.7227923+09:00","logger_name":"org.springframework.boot.web.embedded.tomcat.TomcatWebServer","thread_name":"restartedMain","level":"INFO","message":"Tomcat initialized with port 8080 (http)"}
{"@timestamp":"2025-07-17T15:51:46.7362269+09:00","logger_name":"org.apache.coyote.http11.Http11NioProtocol","thread_name":"restartedMain","level":"INFO","message":"Initializing ProtocolHandler [\"http-nio-8080\"]"}
{"@timestamp":"2025-07-17T15:51:46.7373305+09:00","logger_name":"org.apache.catalina.core.StandardService","thread_name":"restartedMain","level":"INFO","message":"Starting service [Tomcat]"}
{"@timestamp":"2025-07-17T15:51:46.7383433+09:00","logger_name":"org.apache.catalina.core.StandardEngine","thread_name":"restartedMain","level":"INFO","message":"Starting Servlet engine: [Apache Tomcat/10.1.42]"}
{"@timestamp":"2025-07-17T15:51:46.7782365+09:00","logger_name":"org.apache.catalina.core.ContainerBase.[Tomcat].[localhost].[/]","thread_name":"restartedMain","level":"INFO","message":"Initializing Spring embedded WebApplicationContext"}
{"@timestamp":"2025-07-17T15:51:46.7803741+09:00","logger_name":"org.springframework.boot.web.servlet.context.ServletWebServerApplicationContext","thread_name":"restartedMain","level":"INFO","message":"Root WebApplicationContext: initialization completed in 1132 ms"}
{"@timestamp":"2025-07-17T15:51:47.2248113+09:00","logger_name":"org.springframework.boot.devtools.autoconfigure.OptionalLiveReloadServer","thread_name":"restartedMain","level":"INFO","message":"LiveReload server is running on port 35729"}
{"@timestamp":"2025-07-17T15:51:47.2447774+09:00","logger_name":"org.apache.coyote.http11.Http11NioProtocol","thread_name":"restartedMain","level":"INFO","message":"Starting ProtocolHandler [\"http-nio-8080\"]"}
{"@timestamp":"2025-07-17T15:51:47.3016851+09:00","logger_name":"org.springframework.boot.web.embedded.tomcat.TomcatWebServer","thread_name":"restartedMain","level":"INFO","message":"Tomcat started on port 8080 (http) with context path '/'"}
{"@timestamp":"2025-07-17T15:51:47.3136226+09:00","logger_name":"com.example.loginlog.LoginlogApplication","thread_name":"restartedMain","level":"INFO","message":"Started LoginlogApplication in 2.619 seconds (process running for 3.094)"}
{"@timestamp":"2025-07-17T16:02:36.4544091+09:00","logger_name":"org.springframework.boot.devtools.autoconfigure.LocalDevToolsAutoConfiguration$RestartingClassPathChangeChangedEventListener","thread_name":"File Watcher","level":"INFO","message":"Restarting due to 5 class path changes (0 additions, 0 deletions, 5 modifications)"}
{"@timestamp":"2025-07-17T16:02:36.4585814+09:00","logger_name":"org.springframework.boot.web.embedded.tomcat.GracefulShutdown","thread_name":"Thread-5","level":"INFO","message":"Commencing graceful shutdown. Waiting for active requests to complete"}
{"@timestamp":"2025-07-17T16:02:36.4613594+09:00","logger_name":"org.apache.coyote.http11.Http11NioProtocol","thread_name":"tomcat-shutdown","level":"INFO","message":"Pausing ProtocolHandler [\"http-nio-8080\"]"}
{"@timestamp":"2025-07-17T16:02:36.4713423+09:00","logger_name":"org.springframework.boot.web.embedded.tomcat.GracefulShutdown","thread_name":"tomcat-shutdown","level":"INFO","message":"Graceful shutdown complete"}
{"@timestamp":"2025-07-17T16:02:36.4723423+09:00","logger_name":"org.apache.coyote.http11.Http11NioProtocol","thread_name":"Thread-5","level":"INFO","message":"Stopping ProtocolHandler [\"http-nio-8080\"]"}
{"@timestamp":"2025-07-17T16:02:36.5804701+09:00","logger_name":"com.example.loginlog.LoginlogApplication","thread_name":"restartedMain","level":"INFO","message":"Starting LoginlogApplication using Java 21.0.6 with PID 7236 (C:\\ELK-Project\\target\\classes started by 1-01 in C:\\ELK-Project)"}
{"@timestamp":"2025-07-17T16:02:36.5815046+09:00","logger_name":"com.example.loginlog.LoginlogApplication","thread_name":"restartedMain","level":"INFO","message":"No active profile set, falling back to 1 default profile: \"default\""}
{"@timestamp":"2025-07-17T16:02:36.7876204+09:00","logger_name":"org.springframework.boot.web.embedded.tomcat.TomcatWebServer","thread_name":"restartedMain","level":"INFO","message":"Tomcat initialized with port 8080 (http)"}
{"@timestamp":"2025-07-17T16:02:36.7876204+09:00","logger_name":"org.apache.coyote.http11.Http11NioProtocol","thread_name":"restartedMain","level":"INFO","message":"Initializing ProtocolHandler [\"http-nio-8080\"]"}
{"@timestamp":"2025-07-17T16:02:36.7886205+09:00","logger_name":"org.apache.catalina.core.StandardService","thread_name":"restartedMain","level":"INFO","message":"Starting service [Tomcat]"}
{"@timestamp":"2025-07-17T16:02:36.7886205+09:00","logger_name":"org.apache.catalina.core.StandardEngine","thread_name":"restartedMain","level":"INFO","message":"Starting Servlet engine: [Apache Tomcat/10.1.42]"}
{"@timestamp":"2025-07-17T16:02:36.8031019+09:00","logger_name":"org.apache.catalina.core.ContainerBase.[Tomcat].[localhost].[/]","thread_name":"restartedMain","level":"INFO","message":"Initializing Spring embedded WebApplicationContext"}
{"@timestamp":"2025-07-17T16:02:36.8031019+09:00","logger_name":"org.springframework.boot.web.servlet.context.ServletWebServerApplicationContext","thread_name":"restartedMain","level":"INFO","message":"Root WebApplicationContext: initialization completed in 220 ms"}
{"@timestamp":"2025-07-17T16:02:36.8816609+09:00","logger_name":"org.springframework.boot.devtools.autoconfigure.OptionalLiveReloadServer","thread_name":"restartedMain","level":"INFO","message":"LiveReload server is running on port 35729"}
{"@timestamp":"2025-07-17T16:02:36.8846922+09:00","logger_name":"org.apache.coyote.http11.Http11NioProtocol","thread_name":"restartedMain","level":"INFO","message":"Starting ProtocolHandler [\"http-nio-8080\"]"}
{"@timestamp":"2025-07-17T16:02:36.8878221+09:00","logger_name":"org.springframework.boot.web.embedded.tomcat.TomcatWebServer","thread_name":"restartedMain","level":"INFO","message":"Tomcat started on port 8080 (http) with context path '/'"}
{"@timestamp":"2025-07-17T16:02:36.8908525+09:00","logger_name":"com.example.loginlog.LoginlogApplication","thread_name":"restartedMain","level":"INFO","message":"Started LoginlogApplication in 0.353 seconds (process running for 652.672)"}
{"@timestamp":"2025-07-17T16:02:36.8918637+09:00","logger_name":"org.springframework.boot.devtools.autoconfigure.ConditionEvaluationDeltaLoggingListener","thread_name":"restartedMain","level":"INFO","message":"Condition evaluation unchanged"}
{"@timestamp":"2025-07-17T16:41:04.5398368+09:00","logger_name":"org.springframework.boot.devtools.autoconfigure.LocalDevToolsAutoConfiguration$RestartingClassPathChangeChangedEventListener","thread_name":"File Watcher","level":"INFO","message":"Restarting due to 1 class path change (0 additions, 0 deletions, 1 modification)"}
{"@timestamp":"2025-07-17T16:41:04.5462734+09:00","logger_name":"org.springframework.boot.web.embedded.tomcat.GracefulShutdown","thread_name":"Thread-7","level":"INFO","message":"Commencing graceful shutdown. Waiting for active requests to complete"}
{"@timestamp":"2025-07-17T16:41:04.5484948+09:00","logger_name":"org.apache.coyote.http11.Http11NioProtocol","thread_name":"tomcat-shutdown","level":"INFO","message":"Pausing ProtocolHandler [\"http-nio-8080\"]"}
{"@timestamp":"2025-07-17T16:41:04.5786432+09:00","logger_name":"org.springframework.boot.web.embedded.tomcat.GracefulShutdown","thread_name":"tomcat-shutdown","level":"INFO","message":"Graceful shutdown complete"}
{"@timestamp":"2025-07-17T16:41:04.5796621+09:00","logger_name":"org.apache.coyote.http11.Http11NioProtocol","thread_name":"Thread-7","level":"INFO","message":"Stopping ProtocolHandler [\"http-nio-8080\"]"}
{"@timestamp":"2025-07-17T16:41:04.723414+09:00","logger_name":"com.example.loginlog.LoginlogApplication","thread_name":"restartedMain","level":"INFO","message":"Starting LoginlogApplication using Java 21.0.6 with PID 7236 (C:\\ELK-Project\\target\\classes started by 1-01 in C:\\ELK-Project)"}
{"@timestamp":"2025-07-17T16:41:04.7246131+09:00","logger_name":"com.example.loginlog.LoginlogApplication","thread_name":"restartedMain","level":"INFO","message":"No active profile set, falling back to 1 default profile: \"default\""}
{"@timestamp":"2025-07-17T16:41:04.8991525+09:00","logger_name":"org.springframework.boot.web.embedded.tomcat.TomcatWebServer","thread_name":"restartedMain","level":"INFO","message":"Tomcat initialized with port 8080 (http)"}
{"@timestamp":"2025-07-17T16:41:04.9003023+09:00","logger_name":"org.apache.coyote.http11.Http11NioProtocol","thread_name":"restartedMain","level":"INFO","message":"Initializing ProtocolHandler [\"http-nio-8080\"]"}
{"@timestamp":"2025-07-17T16:41:04.901309+09:00","logger_name":"org.apache.catalina.core.StandardService","thread_name":"restartedMain","level":"INFO","message":"Starting service [Tomcat]"}
{"@timestamp":"2025-07-17T16:41:04.901309+09:00","logger_name":"org.apache.catalina.core.StandardEngine","thread_name":"restartedMain","level":"INFO","message":"Starting Servlet engine: [Apache Tomcat/10.1.42]"}
{"@timestamp":"2025-07-17T16:41:04.9144532+09:00","logger_name":"org.apache.catalina.core.ContainerBase.[Tomcat].[localhost].[/]","thread_name":"restartedMain","level":"INFO","message":"Initializing Spring embedded WebApplicationContext"}
{"@timestamp":"2025-07-17T16:41:04.9144532+09:00","logger_name":"org.springframework.boot.web.servlet.context.ServletWebServerApplicationContext","thread_name":"restartedMain","level":"INFO","message":"Root WebApplicationContext: initialization completed in 187 ms"}
{"@timestamp":"2025-07-17T16:41:04.973719+09:00","logger_name":"org.springframework.boot.devtools.autoconfigure.OptionalLiveReloadServer","thread_name":"restartedMain","level":"INFO","message":"LiveReload server is running on port 35729"}
{"@timestamp":"2025-07-17T16:41:04.9770223+09:00","logger_name":"org.apache.coyote.http11.Http11NioProtocol","thread_name":"restartedMain","level":"INFO","message":"Starting ProtocolHandler [\"http-nio-8080\"]"}
{"@timestamp":"2025-07-17T16:41:04.9835346+09:00","logger_name":"org.springframework.boot.web.embedded.tomcat.TomcatWebServer","thread_name":"restartedMain","level":"INFO","message":"Tomcat started on port 8080 (http) with context path '/'"}
{"@timestamp":"2025-07-17T16:41:04.988672+09:00","logger_name":"com.example.loginlog.LoginlogApplication","thread_name":"restartedMain","level":"INFO","message":"Started LoginlogApplication in 0.299 seconds (process running for 2960.769)"}
{"@timestamp":"2025-07-17T16:41:04.9897482+09:00","logger_name":"org.springframework.boot.devtools.autoconfigure.ConditionEvaluationDeltaLoggingListener","thread_name":"restartedMain","level":"INFO","message":"Condition evaluation unchanged"}
{"@timestamp":"2025-07-17T16:41:42.0771057+09:00","logger_name":"org.springframework.boot.devtools.autoconfigure.LocalDevToolsAutoConfiguration$RestartingClassPathChangeChangedEventListener","thread_name":"File Watcher","level":"INFO","message":"Restarting due to 1 class path change (0 additions, 0 deletions, 1 modification)"}
{"@timestamp":"2025-07-17T16:41:42.0794896+09:00","logger_name":"org.springframework.boot.web.embedded.tomcat.GracefulShutdown","thread_name":"Thread-11","level":"INFO","message":"Commencing graceful shutdown. Waiting for active requests to complete"}
{"@timestamp":"2025-07-17T16:41:42.0804899+09:00","logger_name":"org.apache.coyote.http11.Http11NioProtocol","thread_name":"tomcat-shutdown","level":"INFO","message":"Pausing ProtocolHandler [\"http-nio-8080\"]"}
{"@timestamp":"2025-07-17T16:41:42.0930988+09:00","logger_name":"org.springframework.boot.web.embedded.tomcat.GracefulShutdown","thread_name":"tomcat-shutdown","level":"INFO","message":"Graceful shutdown complete"}
{"@timestamp":"2025-07-17T16:41:42.0940986+09:00","logger_name":"org.apache.coyote.http11.Http11NioProtocol","thread_name":"Thread-11","level":"INFO","message":"Stopping ProtocolHandler [\"http-nio-8080\"]"}
{"@timestamp":"2025-07-17T16:41:42.1915909+09:00","logger_name":"com.example.loginlog.LoginlogApplication","thread_name":"restartedMain","level":"INFO","message":"Starting LoginlogApplication using Java 21.0.6 with PID 7236 (C:\\ELK-Project\\target\\classes started by 1-01 in C:\\ELK-Project)"}
{"@timestamp":"2025-07-17T16:41:42.1925907+09:00","logger_name":"com.example.loginlog.LoginlogApplication","thread_name":"restartedMain","level":"INFO","message":"No active profile set, falling back to 1 default profile: \"default\""}
{"@timestamp":"2025-07-17T16:41:42.3955651+09:00","logger_name":"org.springframework.boot.web.embedded.tomcat.TomcatWebServer","thread_name":"restartedMain","level":"INFO","message":"Tomcat initialized with port 8080 (http)"}
{"@timestamp":"2025-07-17T16:41:42.3991499+09:00","logger_name":"org.apache.coyote.http11.Http11NioProtocol","thread_name":"restartedMain","level":"INFO","message":"Initializing ProtocolHandler [\"http-nio-8080\"]"}
{"@timestamp":"2025-07-17T16:41:42.4001541+09:00","logger_name":"org.apache.catalina.core.StandardService","thread_name":"restartedMain","level":"INFO","message":"Starting service [Tomcat]"}
{"@timestamp":"2025-07-17T16:41:42.4001541+09:00","logger_name":"org.apache.catalina.core.StandardEngine","thread_name":"restartedMain","level":"INFO","message":"Starting Servlet engine: [Apache Tomcat/10.1.42]"}
{"@timestamp":"2025-07-17T16:41:42.4330203+09:00","logger_name":"org.apache.catalina.core.ContainerBase.[Tomcat].[localhost].[/]","thread_name":"restartedMain","level":"INFO","message":"Initializing Spring embedded WebApplicationContext"}
{"@timestamp":"2025-07-17T16:41:42.4330203+09:00","logger_name":"org.springframework.boot.web.servlet.context.ServletWebServerApplicationContext","thread_name":"restartedMain","level":"INFO","message":"Root WebApplicationContext: initialization completed in 240 ms"}
{"@timestamp":"2025-07-17T16:41:42.5379816+09:00","logger_name":"org.springframework.boot.devtools.autoconfigure.OptionalLiveReloadServer","thread_name":"restartedMain","level":"INFO","message":"LiveReload server is running on port 35729"}
{"@timestamp":"2025-07-17T16:41:42.5443376+09:00","logger_name":"org.apache.coyote.http11.Http11NioProtocol","thread_name":"restartedMain","level":"INFO","message":"Starting ProtocolHandler [\"http-nio-8080\"]"}
{"@timestamp":"2025-07-17T16:41:42.5508289+09:00","logger_name":"org.springframework.boot.web.embedded.tomcat.TomcatWebServer","thread_name":"restartedMain","level":"INFO","message":"Tomcat started on port 8080 (http) with context path '/'"}
{"@timestamp":"2025-07-17T16:41:42.5549593+09:00","logger_name":"com.example.loginlog.LoginlogApplication","thread_name":"restartedMain","level":"INFO","message":"Started LoginlogApplication in 0.396 seconds (process running for 2998.336)"}
{"@timestamp":"2025-07-17T16:41:42.5569587+09:00","logger_name":"org.springframework.boot.devtools.autoconfigure.ConditionEvaluationDeltaLoggingListener","thread_name":"restartedMain","level":"INFO","message":"Condition evaluation unchanged"}
{"@timestamp":"2025-07-17T16:43:37.0603825+09:00","logger_name":"org.springframework.boot.devtools.autoconfigure.LocalDevToolsAutoConfiguration$RestartingClassPathChangeChangedEventListener","thread_name":"File Watcher","level":"INFO","message":"Restarting due to 1 class path change (0 additions, 0 deletions, 1 modification)"}
{"@timestamp":"2025-07-17T16:43:37.0626987+09:00","logger_name":"org.springframework.boot.web.embedded.tomcat.GracefulShutdown","thread_name":"Thread-15","level":"INFO","message":"Commencing graceful shutdown. Waiting for active requests to complete"}
{"@timestamp":"2025-07-17T16:43:37.0647093+09:00","logger_name":"org.apache.coyote.http11.Http11NioProtocol","thread_name":"tomcat-shutdown","level":"INFO","message":"Pausing ProtocolHandler [\"http-nio-8080\"]"}
{"@timestamp":"2025-07-17T16:43:37.0850234+09:00","logger_name":"org.springframework.boot.web.embedded.tomcat.GracefulShutdown","thread_name":"tomcat-shutdown","level":"INFO","message":"Graceful shutdown complete"}
{"@timestamp":"2025-07-17T16:43:37.0850234+09:00","logger_name":"org.apache.coyote.http11.Http11NioProtocol","thread_name":"Thread-15","level":"INFO","message":"Stopping ProtocolHandler [\"http-nio-8080\"]"}
{"@timestamp":"2025-07-17T16:43:37.1927927+09:00","logger_name":"com.example.loginlog.LoginlogApplication","thread_name":"restartedMain","level":"INFO","message":"Starting LoginlogApplication using Java 21.0.6 with PID 7236 (C:\\ELK-Project\\target\\classes started by 1-01 in C:\\ELK-Project)"}
{"@timestamp":"2025-07-17T16:43:37.1938614+09:00","logger_name":"com.example.loginlog.LoginlogApplication","thread_name":"restartedMain","level":"INFO","message":"No active profile set, falling back to 1 default profile: \"default\""}
{"@timestamp":"2025-07-17T16:43:37.3746163+09:00","logger_name":"org.springframework.boot.web.embedded.tomcat.TomcatWebServer","thread_name":"restartedMain","level":"INFO","message":"Tomcat initialized with port 8080 (http)"}
{"@timestamp":"2025-07-17T16:43:37.3746163+09:00","logger_name":"org.apache.coyote.http11.Http11NioProtocol","thread_name":"restartedMain","level":"INFO","message":"Initializing ProtocolHandler [\"http-nio-8080\"]"}
{"@timestamp":"2025-07-17T16:43:37.3759347+09:00","logger_name":"org.apache.catalina.core.StandardService","thread_name":"restartedMain","level":"INFO","message":"Starting service [Tomcat]"}
{"@timestamp":"2025-07-17T16:43:37.3759347+09:00","logger_name":"org.apache.catalina.core.StandardEngine","thread_name":"restartedMain","level":"INFO","message":"Starting Servlet engine: [Apache Tomcat/10.1.42]"}
{"@timestamp":"2025-07-17T16:43:37.3968137+09:00","logger_name":"org.apache.catalina.core.ContainerBase.[Tomcat].[localhost].[/]","thread_name":"restartedMain","level":"INFO","message":"Initializing Spring embedded WebApplicationContext"}
{"@timestamp":"2025-07-17T16:43:37.3968137+09:00","logger_name":"org.springframework.boot.web.servlet.context.ServletWebServerApplicationContext","thread_name":"restartedMain","level":"INFO","message":"Root WebApplicationContext: initialization completed in 201 ms"}
{"@timestamp":"2025-07-17T16:43:37.4614556+09:00","logger_name":"org.springframework.boot.devtools.autoconfigure.OptionalLiveReloadServer","thread_name":"restartedMain","level":"INFO","message":"LiveReload server is running on port 35729"}
{"@timestamp":"2025-07-17T16:43:37.4636819+09:00","logger_name":"org.apache.coyote.http11.Http11NioProtocol","thread_name":"restartedMain","level":"INFO","message":"Starting ProtocolHandler [\"http-nio-8080\"]"}
{"@timestamp":"2025-07-17T16:43:37.4690853+09:00","logger_name":"org.springframework.boot.web.embedded.tomcat.TomcatWebServer","thread_name":"restartedMain","level":"INFO","message":"Tomcat started on port 8080 (http) with context path '/'"}
{"@timestamp":"2025-07-17T16:43:37.4703197+09:00","logger_name":"com.example.loginlog.LoginlogApplication","thread_name":"restartedMain","level":"INFO","message":"Started LoginlogApplication in 0.309 seconds (process running for 3113.252)"}
{"@timestamp":"2025-07-17T16:43:37.4713281+09:00","logger_name":"org.springframework.boot.devtools.autoconfigure.ConditionEvaluationDeltaLoggingListener","thread_name":"restartedMain","level":"INFO","message":"Condition evaluation unchanged"}
{"@timestamp":"2025-07-17T16:43:55.3841307+09:00","logger_name":"com.example.loginlog.LoginlogApplication","thread_name":"restartedMain","level":"INFO","message":"Starting LoginlogApplication using Java 21.0.6 with PID 17724 (C:\\ELK-Project\\target\\classes started by 1-01 in C:\\ELK-Project)"}
{"@timestamp":"2025-07-17T16:43:55.3988663+09:00","logger_name":"com.example.loginlog.LoginlogApplication","thread_name":"restartedMain","level":"INFO","message":"No active profile set, falling back to 1 default profile: \"default\""}
{"@timestamp":"2025-07-17T16:43:55.5012865+09:00","logger_name":"org.springframework.boot.devtools.env.DevToolsPropertyDefaultsPostProcessor","thread_name":"restartedMain","level":"INFO","message":"Devtools property defaults active! Set 'spring.devtools.add-properties' to 'false' to disable"}
{"@timestamp":"2025-07-17T16:43:55.5012865+09:00","logger_name":"org.springframework.boot.devtools.env.DevToolsPropertyDefaultsPostProcessor","thread_name":"restartedMain","level":"INFO","message":"For additional web related logging consider setting the 'logging.level.web' property to 'DEBUG'"}
{"@timestamp":"2025-07-17T16:43:56.6998924+09:00","logger_name":"org.springframework.boot.web.embedded.tomcat.TomcatWebServer","thread_name":"restartedMain","level":"INFO","message":"Tomcat initialized with port 8080 (http)"}
{"@timestamp":"2025-07-17T16:43:56.7147707+09:00","logger_name":"org.apache.coyote.http11.Http11NioProtocol","thread_name":"restartedMain","level":"INFO","message":"Initializing ProtocolHandler [\"http-nio-8080\"]"}
{"@timestamp":"2025-07-17T16:43:56.7175077+09:00","logger_name":"org.apache.catalina.core.StandardService","thread_name":"restartedMain","level":"INFO","message":"Starting service [Tomcat]"}
{"@timestamp":"2025-07-17T16:43:56.7175077+09:00","logger_name":"org.apache.catalina.core.StandardEngine","thread_name":"restartedMain","level":"INFO","message":"Starting Servlet engine: [Apache Tomcat/10.1.42]"}
{"@timestamp":"2025-07-17T16:43:56.7673575+09:00","logger_name":"org.apache.catalina.core.ContainerBase.[Tomcat].[localhost].[/]","thread_name":"restartedMain","level":"INFO","message":"Initializing Spring embedded WebApplicationContext"}
{"@timestamp":"2025-07-17T16:43:56.7687379+09:00","logger_name":"org.springframework.boot.web.servlet.context.ServletWebServerApplicationContext","thread_name":"restartedMain","level":"INFO","message":"Root WebApplicationContext: initialization completed in 1265 ms"}
{"@timestamp":"2025-07-17T16:43:57.3230924+09:00","logger_name":"org.springframework.boot.devtools.autoconfigure.OptionalLiveReloadServer","thread_name":"restartedMain","level":"WARN","message":"Unable to start LiveReload server"}
{"@timestamp":"2025-07-17T16:43:57.3341446+09:00","logger_name":"org.apache.coyote.http11.Http11NioProtocol","thread_name":"restartedMain","level":"INFO","message":"Starting ProtocolHandler [\"http-nio-8080\"]"}
{"@timestamp":"2025-07-17T16:43:57.3419978+09:00","logger_name":"org.springframework.boot.web.servlet.context.AnnotationConfigServletWebServerApplicationContext","thread_name":"restartedMain","level":"WARN","message":"Exception encountered during context initialization - cancelling refresh attempt: org.springframework.context.ApplicationContextException: Failed to start bean 'webServerStartStop'"}
{"@timestamp":"2025-07-17T16:43:57.3639385+09:00","logger_name":"org.springframework.boot.autoconfigure.logging.ConditionEvaluationReportLogger","thread_name":"restartedMain","level":"INFO","message":"\r\n\r\nError starting ApplicationContext. To display the condition evaluation report re-run your application with 'debug' enabled."}
{"@timestamp":"2025-07-17T16:43:57.3895427+09:00","logger_name":"org.springframework.boot.diagnostics.LoggingFailureAnalysisReporter","thread_name":"restartedMain","level":"ERROR","message":"\r\n\r\n***************************\r\nAPPLICATION FAILED TO START\r\n***************************\r\n\r\nDescription:\r\n\r\nWeb server failed to start. Port 8080 was already in use.\r\n\r\nAction:\r\n\r\nIdentify and stop the process that's listening on port 8080 or configure this application to listen on another port.\r\n"}
